<?xml version="1.0" encoding="UTF-8"?>
<coverage generated="1782551803405" clover="3.2.0">
  <project timestamp="1782551803406" name="All files">
    <metrics statements="387" coveredstatements="361" conditionals="314" coveredconditionals="260" methods="95" coveredmethods="95" elements="796" coveredelements="716" complexity="0" loc="387" ncloc="387" packages="1" files="7" classes="7"/>
    <file name="cli.ts" path="/home/evan/workspace/ccs/src/cli.ts">
      <metrics statements="170" coveredstatements="149" conditionals="134" coveredconditionals="96" methods="26" coveredmethods="26"/>
      <line num="18" count="3" type="stmt"/>
      <line num="20" count="3" type="stmt"/>
      <line num="58" count="3" type="stmt"/>
      <line num="97" count="3" type="stmt"/>
      <line num="98" count="3" type="cond" truecount="1" falsecount="1"/>
      <line num="99" count="0" type="stmt"/>
      <line num="101" count="3" type="cond" truecount="1" falsecount="1"/>
      <line num="110" count="8" type="stmt"/>
      <line num="111" count="8" type="stmt"/>
      <line num="113" count="8" type="stmt"/>
      <line num="114" count="8" type="cond" truecount="5" falsecount="0"/>
      <line num="115" count="7" type="cond" truecount="2" falsecount="0"/>
      <line num="116" count="6" type="cond" truecount="4" falsecount="0"/>
      <line num="118" count="5" type="cond" truecount="4" falsecount="8"/>
      <line num="119" count="1" type="stmt"/>
      <line num="120" count="1" type="stmt"/>
      <line num="121" count="0" type="stmt"/>
      <line num="122" count="0" type="stmt"/>
      <line num="123" count="0" type="stmt"/>
      <line num="124" count="0" type="stmt"/>
      <line num="125" count="0" type="stmt"/>
      <line num="126" count="0" type="stmt"/>
      <line num="127" count="0" type="stmt"/>
      <line num="129" count="3" type="cond" truecount="2" falsecount="0"/>
      <line num="133" count="1" type="stmt"/>
      <line num="135" count="2" type="stmt"/>
      <line num="138" count="0" type="cond" truecount="0" falsecount="2"/>
      <line num="139" count="0" type="stmt"/>
      <line num="140" count="0" type="stmt"/>
      <line num="147" count="4" type="stmt"/>
      <line num="148" count="4" type="stmt"/>
      <line num="149" count="4" type="cond" truecount="2" falsecount="0"/>
      <line num="150" count="3" type="stmt"/>
      <line num="154" count="7" type="stmt"/>
      <line num="155" count="7" type="stmt"/>
      <line num="156" count="7" type="cond" truecount="1" falsecount="1"/>
      <line num="157" count="7" type="stmt"/>
      <line num="172" count="4" type="stmt"/>
      <line num="173" count="4" type="cond" truecount="1" falsecount="1"/>
      <line num="174" count="0" type="stmt"/>
      <line num="175" count="0" type="stmt"/>
      <line num="177" count="4" type="stmt"/>
      <line num="178" count="12" type="stmt"/>
      <line num="183" count="4" type="stmt"/>
      <line num="189" count="9" type="stmt"/>
      <line num="190" count="13" type="stmt"/>
      <line num="191" count="13" type="stmt"/>
      <line num="194" count="13" type="stmt"/>
      <line num="195" count="13" type="stmt"/>
      <line num="196" count="36" type="stmt"/>
      <line num="202" count="13" type="stmt"/>
      <line num="206" count="13" type="cond" truecount="1" falsecount="1"/>
      <line num="207" count="13" type="stmt"/>
      <line num="214" count="13" type="stmt"/>
      <line num="215" count="13" type="cond" truecount="1" falsecount="1"/>
      <line num="216" count="88" type="cond" truecount="2" falsecount="0"/>
      <line num="217" count="13" type="cond" truecount="1" falsecount="1"/>
      <line num="220" count="13" type="stmt"/>
      <line num="222" count="13" type="cond" truecount="2" falsecount="0"/>
      <line num="223" count="12" type="cond" truecount="2" falsecount="0"/>
      <line num="224" count="5" type="cond" truecount="2" falsecount="0"/>
      <line num="226" count="1" type="stmt"/>
      <line num="227" count="1" type="cond" truecount="1" falsecount="1"/>
      <line num="228" count="0" type="stmt"/>
      <line num="230" count="4" type="cond" truecount="2" falsecount="0"/>
      <line num="231" count="2" type="stmt"/>
      <line num="232" count="2" type="stmt"/>
      <line num="233" count="1" type="cond" truecount="1" falsecount="1"/>
      <line num="235" count="1" type="cond" truecount="1" falsecount="1"/>
      <line num="236" count="0" type="stmt"/>
      <line num="238" count="1" type="stmt"/>
      <line num="240" count="2" type="cond" truecount="1" falsecount="1"/>
      <line num="241" count="2" type="stmt"/>
      <line num="242" count="2" type="stmt"/>
      <line num="243" count="2" type="cond" truecount="1" falsecount="1"/>
      <line num="245" count="0" type="cond" truecount="0" falsecount="2"/>
      <line num="246" count="0" type="stmt"/>
      <line num="248" count="2" type="stmt"/>
      <line num="256" count="3" type="stmt"/>
      <line num="257" count="3" type="cond" truecount="1" falsecount="1"/>
      <line num="258" count="0" type="stmt"/>
      <line num="259" count="0" type="stmt"/>
      <line num="261" count="3" type="stmt"/>
      <line num="262" count="3" type="stmt"/>
      <line num="263" count="8" type="cond" truecount="1" falsecount="1"/>
      <line num="264" count="3" type="stmt"/>
      <line num="268" count="2" type="stmt"/>
      <line num="269" count="2" type="stmt"/>
      <line num="270" count="2" type="stmt"/>
      <line num="271" count="12" type="cond" truecount="1" falsecount="1"/>
      <line num="273" count="2" type="stmt"/>
      <line num="274" count="2" type="stmt"/>
      <line num="280" count="10" type="cond" truecount="5" falsecount="0"/>
      <line num="281" count="7" type="stmt"/>
      <line num="291" count="7" type="cond" truecount="2" falsecount="0"/>
      <line num="292" count="7" type="cond" truecount="2" falsecount="0"/>
      <line num="293" count="5" type="cond" truecount="4" falsecount="0"/>
      <line num="294" count="3" type="cond" truecount="2" falsecount="0"/>
      <line num="295" count="2" type="stmt"/>
      <line num="299" count="6" type="stmt"/>
      <line num="301" count="6" type="stmt"/>
      <line num="303" count="6" type="cond" truecount="2" falsecount="0"/>
      <line num="305" count="3" type="stmt"/>
      <line num="306" count="3" type="stmt"/>
      <line num="309" count="3" type="stmt"/>
      <line num="310" count="3" type="cond" truecount="2" falsecount="0"/>
      <line num="311" count="1" type="stmt"/>
      <line num="314" count="1" type="stmt"/>
      <line num="319" count="1" type="stmt"/>
      <line num="321" count="2" type="stmt"/>
      <line num="330" count="5" type="cond" truecount="2" falsecount="0"/>
      <line num="331" count="1" type="stmt"/>
      <line num="334" count="4" type="stmt"/>
      <line num="335" count="4" type="stmt"/>
      <line num="336" count="4" type="stmt"/>
      <line num="337" count="4" type="stmt"/>
      <line num="338" count="4" type="stmt"/>
      <line num="342" count="5" type="stmt"/>
      <line num="343" count="5" type="stmt"/>
      <line num="344" count="5" type="cond" truecount="2" falsecount="0"/>
      <line num="345" count="4" type="cond" truecount="2" falsecount="0"/>
      <line num="346" count="3" type="cond" truecount="2" falsecount="0"/>
      <line num="347" count="2" type="stmt"/>
      <line num="348" count="2" type="cond" truecount="1" falsecount="1"/>
      <line num="349" count="5" type="stmt"/>
      <line num="350" count="2" type="stmt"/>
      <line num="351" count="2" type="stmt"/>
      <line num="355" count="5" type="stmt"/>
      <line num="356" count="5" type="cond" truecount="2" falsecount="0"/>
      <line num="357" count="4" type="cond" truecount="1" falsecount="1"/>
      <line num="358" count="4" type="stmt"/>
      <line num="359" count="4" type="stmt"/>
      <line num="360" count="4" type="cond" truecount="2" falsecount="0"/>
      <line num="361" count="2" type="stmt"/>
      <line num="362" count="2" type="stmt"/>
      <line num="366" count="1" type="cond" truecount="1" falsecount="2"/>
      <line num="367" count="1" type="stmt"/>
      <line num="374" count="1" type="cond" truecount="1" falsecount="1"/>
      <line num="375" count="0" type="stmt"/>
      <line num="376" count="0" type="stmt"/>
      <line num="378" count="1" type="stmt"/>
      <line num="379" count="1" type="cond" truecount="1" falsecount="2"/>
      <line num="380" count="1" type="stmt"/>
      <line num="384" count="2" type="stmt"/>
      <line num="385" count="2" type="cond" truecount="2" falsecount="0"/>
      <line num="386" count="1" type="stmt"/>
      <line num="387" count="1" type="stmt"/>
      <line num="391" count="4" type="stmt"/>
      <line num="392" count="4" type="cond" truecount="2" falsecount="0"/>
      <line num="393" count="2" type="cond" truecount="2" falsecount="0"/>
      <line num="394" count="1" type="stmt"/>
      <line num="395" count="2" type="stmt"/>
      <line num="396" count="1" type="stmt"/>
      <line num="398" count="1" type="stmt"/>
      <line num="399" count="1" type="stmt"/>
      <line num="403" count="6" type="stmt"/>
      <line num="404" count="3" type="cond" truecount="2" falsecount="0"/>
      <line num="405" count="2" type="cond" truecount="2" falsecount="0"/>
      <line num="406" count="1" type="stmt"/>
      <line num="407" count="1" type="stmt"/>
      <line num="409" count="1" type="stmt"/>
      <line num="410" count="1" type="stmt"/>
      <line num="411" count="1" type="stmt"/>
      <line num="413" count="1" type="stmt"/>
      <line num="414" count="1" type="stmt"/>
      <line num="416" count="2" type="cond" truecount="2" falsecount="0"/>
      <line num="419" count="1" type="stmt"/>
      <line num="420" count="1" type="stmt"/>
      <line num="426" count="2" type="stmt"/>
      <line num="427" count="2" type="cond" truecount="1" falsecount="1"/>
    </file>
    <file name="config.ts" path="/home/evan/workspace/ccs/src/config.ts">
      <metrics statements="32" coveredstatements="32" conditionals="5" coveredconditionals="4" methods="14" coveredmethods="14"/>
      <line num="7" count="9" type="stmt"/>
      <line num="8" count="9" type="stmt"/>
      <line num="9" count="9" type="stmt"/>
      <line num="10" count="9" type="stmt"/>
      <line num="11" count="9" type="stmt"/>
      <line num="13" count="9" type="stmt"/>
      <line num="16" count="9" type="stmt"/>
      <line num="18" count="9" type="stmt"/>
      <line num="21" count="37" type="stmt"/>
      <line num="22" count="37" type="stmt"/>
      <line num="23" count="37" type="stmt"/>
      <line num="28" count="233" type="stmt"/>
      <line num="29" count="233" type="stmt"/>
      <line num="31" count="12" type="cond" truecount="2" falsecount="0"/>
      <line num="32" count="1" type="stmt"/>
      <line num="37" count="35" type="stmt"/>
      <line num="38" count="35" type="stmt"/>
      <line num="43" count="1" type="stmt"/>
      <line num="44" count="1" type="stmt"/>
      <line num="48" count="195" type="stmt"/>
      <line num="52" count="21" type="stmt"/>
      <line num="56" count="19" type="stmt"/>
      <line num="60" count="22" type="stmt"/>
      <line num="61" count="22" type="stmt"/>
      <line num="62" count="22" type="stmt"/>
      <line num="63" count="22" type="stmt"/>
      <line num="64" count="60" type="stmt"/>
      <line num="65" count="60" type="stmt"/>
      <line num="66" count="38" type="stmt"/>
      <line num="70" count="22" type="cond" truecount="1" falsecount="1"/>
      <line num="74" count="7" type="stmt"/>
      <line num="78" count="4" type="stmt"/>
    </file>
    <file name="form.ts" path="/home/evan/workspace/ccs/src/form.ts">
      <metrics statements="75" coveredstatements="73" conditionals="103" coveredconditionals="99" methods="17" coveredmethods="17"/>
      <line num="7" count="4" type="stmt"/>
      <line num="15" count="4" type="stmt"/>
      <line num="18" count="4" type="stmt"/>
      <line num="25" count="4" type="stmt"/>
      <line num="32" count="4" type="stmt"/>
      <line num="33" count="4" type="stmt"/>
      <line num="36" count="234" type="stmt"/>
      <line num="41" count="36" type="stmt"/>
      <line num="46" count="13" type="stmt"/>
      <line num="51" count="98" type="stmt"/>
      <line num="56" count="59" type="cond" truecount="5" falsecount="0"/>
      <line num="57" count="7" type="stmt"/>
      <line num="58" count="7" type="cond" truecount="4" falsecount="0"/>
      <line num="59" count="4" type="cond" truecount="4" falsecount="0"/>
      <line num="60" count="2" type="stmt"/>
      <line num="65" count="32" type="cond" truecount="5" falsecount="0"/>
      <line num="66" count="5" type="stmt"/>
      <line num="67" count="5" type="cond" truecount="4" falsecount="0"/>
      <line num="72" count="35" type="cond" truecount="5" falsecount="0"/>
      <line num="73" count="10" type="stmt"/>
      <line num="74" count="10" type="cond" truecount="2" falsecount="0"/>
      <line num="89" count="4" type="stmt"/>
      <line num="103" count="2" type="stmt"/>
      <line num="104" count="4" type="stmt"/>
      <line num="109" count="2" type="stmt"/>
      <line num="114" count="2" type="stmt"/>
      <line num="119" count="2" type="stmt"/>
      <line num="120" count="2" type="cond" truecount="2" falsecount="0"/>
      <line num="121" count="1" type="stmt"/>
      <line num="133" count="25" type="cond" truecount="2" falsecount="0"/>
      <line num="134" count="25" type="cond" truecount="2" falsecount="0"/>
      <line num="135" count="24" type="cond" truecount="2" falsecount="0"/>
      <line num="136" count="20" type="stmt"/>
      <line num="144" count="25" type="cond" truecount="2" falsecount="0"/>
      <line num="145" count="25" type="cond" truecount="3" falsecount="0"/>
      <line num="146" count="25" type="cond" truecount="2" falsecount="0"/>
      <line num="148" count="25" type="stmt"/>
      <line num="155" count="25" type="stmt"/>
      <line num="156" count="25" type="stmt"/>
      <line num="157" count="100" type="stmt"/>
      <line num="158" count="100" type="stmt"/>
      <line num="159" count="100" type="cond" truecount="3" falsecount="0"/>
      <line num="162" count="25" type="cond" truecount="2" falsecount="0"/>
      <line num="164" count="25" type="stmt"/>
      <line num="184" count="10" type="stmt"/>
      <line num="187" count="10" type="cond" truecount="4" falsecount="0"/>
      <line num="188" count="1" type="stmt"/>
      <line num="189" count="9" type="cond" truecount="4" falsecount="0"/>
      <line num="190" count="1" type="stmt"/>
      <line num="193" count="10" type="cond" truecount="2" falsecount="0"/>
      <line num="194" count="1" type="stmt"/>
      <line num="195" count="9" type="cond" truecount="1" falsecount="1"/>
      <line num="200" count="9" type="stmt"/>
      <line num="201" count="9" type="stmt"/>
      <line num="202" count="36" type="cond" truecount="2" falsecount="0"/>
      <line num="205" count="36" type="stmt"/>
      <line num="206" count="36" type="cond" truecount="2" falsecount="0"/>
      <line num="210" count="0" type="stmt"/>
      <line num="211" count="0" type="stmt"/>
      <line num="214" count="10" type="cond" truecount="1" falsecount="1"/>
      <line num="215" count="10" type="cond" truecount="1" falsecount="1"/>
      <line num="216" count="10" type="stmt"/>
      <line num="217" count="10" type="stmt"/>
      <line num="219" count="10" type="stmt"/>
      <line num="220" count="10" type="cond" truecount="2" falsecount="0"/>
      <line num="222" count="9" type="stmt"/>
      <line num="224" count="10" type="cond" truecount="2" falsecount="0"/>
      <line num="225" count="1" type="stmt"/>
      <line num="227" count="10" type="stmt"/>
      <line num="232" count="4" type="cond" truecount="4" falsecount="0"/>
      <line num="233" count="3" type="cond" truecount="5" falsecount="0"/>
      <line num="234" count="1" type="stmt"/>
      <line num="236" count="2" type="stmt"/>
      <line num="252" count="2" type="cond" truecount="2" falsecount="0"/>
      <line num="253" count="2" type="stmt"/>
    </file>
    <file name="i18n.ts" path="/home/evan/workspace/ccs/src/i18n.ts">
      <metrics statements="18" coveredstatements="18" conditionals="19" coveredconditionals="15" methods="5" coveredmethods="5"/>
      <line num="8" count="8" type="stmt"/>
      <line num="13" count="16" type="stmt"/>
      <line num="21" count="224" type="cond" truecount="1" falsecount="1"/>
      <line num="26" count="13" type="stmt"/>
      <line num="27" count="13" type="stmt"/>
      <line num="28" count="13" type="stmt"/>
      <line num="36" count="209" type="stmt"/>
      <line num="37" count="209" type="cond" truecount="4" falsecount="0"/>
      <line num="38" count="4" type="cond" truecount="3" falsecount="1"/>
      <line num="39" count="209" type="cond" truecount="2" falsecount="0"/>
      <line num="44" count="8" type="stmt"/>
      <line num="209" count="201" type="stmt"/>
      <line num="210" count="201" type="stmt"/>
      <line num="211" count="201" type="cond" truecount="3" falsecount="2"/>
      <line num="212" count="201" type="cond" truecount="2" falsecount="0"/>
      <line num="213" count="54" type="stmt"/>
      <line num="214" count="54" type="stmt"/>
      <line num="217" count="201" type="stmt"/>
    </file>
    <file name="launch.ts" path="/home/evan/workspace/ccs/src/launch.ts">
      <metrics statements="65" coveredstatements="62" conditionals="43" coveredconditionals="37" methods="12" coveredmethods="12"/>
      <line num="14" count="6" type="stmt"/>
      <line num="15" count="6" type="cond" truecount="4" falsecount="1"/>
      <line num="16" count="6" type="stmt"/>
      <line num="17" count="9" type="cond" truecount="4" falsecount="0"/>
      <line num="18" count="6" type="stmt"/>
      <line num="19" count="6" type="cond" truecount="2" falsecount="0"/>
      <line num="23" count="6" type="stmt"/>
      <line num="27" count="5" type="stmt"/>
      <line num="30" count="11" type="cond" truecount="3" falsecount="1"/>
      <line num="31" count="11" type="stmt"/>
      <line num="32" count="11" type="stmt"/>
      <line num="33" count="11" type="stmt"/>
      <line num="35" count="11" type="stmt"/>
      <line num="45" count="9" type="cond" truecount="2" falsecount="0"/>
      <line num="46" count="9" type="stmt"/>
      <line num="53" count="8" type="stmt"/>
      <line num="57" count="8" type="cond" truecount="2" falsecount="0"/>
      <line num="58" count="8" type="stmt"/>
      <line num="73" count="10" type="stmt"/>
      <line num="74" count="10" type="cond" truecount="2" falsecount="0"/>
      <line num="75" count="1" type="stmt"/>
      <line num="77" count="9" type="stmt"/>
      <line num="81" count="5" type="stmt"/>
      <line num="84" count="11" type="cond" truecount="2" falsecount="0"/>
      <line num="92" count="7" type="cond" truecount="1" falsecount="1"/>
      <line num="94" count="0" type="stmt"/>
      <line num="104" count="7" type="stmt"/>
      <line num="113" count="1" type="stmt"/>
      <line num="114" count="1" type="stmt"/>
      <line num="115" count="1" type="stmt"/>
      <line num="116" count="1" type="stmt"/>
      <line num="117" count="1" type="stmt"/>
      <line num="118" count="1" type="stmt"/>
      <line num="119" count="1" type="stmt"/>
      <line num="127" count="2" type="stmt"/>
      <line num="128" count="2" type="stmt"/>
      <line num="130" count="2" type="stmt"/>
      <line num="132" count="2" type="stmt"/>
      <line num="133" count="2" type="stmt"/>
      <line num="135" count="1" type="cond" truecount="1" falsecount="1"/>
      <line num="136" count="1" type="stmt"/>
      <line num="138" count="0" type="stmt"/>
      <line num="140" count="1" type="cond" truecount="3" falsecount="1"/>
      <line num="141" count="0" type="stmt"/>
      <line num="149" count="1" type="stmt"/>
      <line num="150" count="1" type="stmt"/>
      <line num="151" count="1" type="stmt"/>
      <line num="152" count="1" type="stmt"/>
      <line num="161" count="5" type="stmt"/>
      <line num="162" count="5" type="stmt"/>
      <line num="165" count="5" type="stmt"/>
      <line num="166" count="5" type="stmt"/>
      <line num="168" count="5" type="stmt"/>
      <line num="171" count="5" type="cond" truecount="1" falsecount="1"/>
      <line num="172" count="5" type="stmt"/>
      <line num="173" count="5" type="stmt"/>
      <line num="175" count="5" type="stmt"/>
      <line num="178" count="5" type="stmt"/>
      <line num="180" count="5" type="stmt"/>
      <line num="181" count="5" type="stmt"/>
      <line num="183" count="2" type="cond" truecount="2" falsecount="0"/>
      <line num="184" count="1" type="stmt"/>
      <line num="186" count="1" type="stmt"/>
      <line num="188" count="3" type="cond" truecount="4" falsecount="0"/>
      <line num="189" count="1" type="stmt"/>
    </file>
    <file name="presets.ts" path="/home/evan/workspace/ccs/src/presets.ts">
      <metrics statements="10" coveredstatements="10" conditionals="8" coveredconditionals="7" methods="6" coveredmethods="6"/>
      <line num="7" count="6" type="stmt"/>
      <line num="9" count="6" type="stmt"/>
      <line num="12" count="1" type="stmt"/>
      <line num="16" count="7" type="cond" truecount="1" falsecount="1"/>
      <line num="24" count="7" type="stmt"/>
      <line num="25" count="7" type="stmt"/>
      <line num="29" count="4" type="cond" truecount="4" falsecount="0"/>
      <line num="30" count="2" type="cond" truecount="2" falsecount="0"/>
      <line num="34" count="3" type="stmt"/>
      <line num="35" count="18" type="stmt"/>
    </file>
    <file name="tui.ts" path="/home/evan/workspace/ccs/src/tui.ts">
      <metrics statements="17" coveredstatements="17" conditionals="2" coveredconditionals="2" methods="15" coveredmethods="15"/>
      <line num="5" count="5" type="stmt"/>
      <line num="9" count="8" type="cond" truecount="2" falsecount="0"/>
      <line num="10" count="4" type="stmt"/>
      <line num="51" count="5" type="stmt"/>
      <line num="52" count="1" type="stmt"/>
      <line num="53" count="1" type="stmt"/>
      <line num="54" count="1" type="stmt"/>
      <line num="55" count="1" type="stmt"/>
      <line num="57" count="1" type="stmt"/>
      <line num="58" count="1" type="stmt"/>
      <line num="59" count="1" type="stmt"/>
      <line num="60" count="1" type="stmt"/>
      <line num="61" count="1" type="stmt"/>
      <line num="64" count="2" type="stmt"/>
      <line num="67" count="2" type="stmt"/>
      <line num="70" count="2" type="stmt"/>
      <line num="73" count="2" type="stmt"/>
    </file>
  </project>
</coverage>
