{"/home/evan/workspace/ccs/src/cli.ts": {"path":"/home/evan/workspace/ccs/src/cli.ts","statementMap":{"0":{"start":{"line":18,"column":16},"end":{"line":18,"column":null}},"1":{"start":{"line":20,"column":15},"end":{"line":20,"column":null}},"2":{"start":{"line":58,"column":15},"end":{"line":58,"column":null}},"3":{"start":{"line":97,"column":6},"end":{"line":100,"column":null}},"4":{"start":{"line":98,"column":2},"end":{"line":99,"column":null}},"5":{"start":{"line":98,"column":8},"end":{"line":98,"column":87}},"6":{"start":{"line":99,"column":10},"end":{"line":99,"column":24}},"7":{"start":{"line":101,"column":0},"end":{"line":101,"column":null}},"8":{"start":{"line":101,"column":12},"end":{"line":101,"column":null}},"9":{"start":{"line":110,"column":15},"end":{"line":110,"column":null}},"10":{"start":{"line":111,"column":25},"end":{"line":111,"column":null}},"11":{"start":{"line":113,"column":2},"end":{"line":141,"column":null}},"12":{"start":{"line":114,"column":4},"end":{"line":114,"column":null}},"13":{"start":{"line":114,"column":60},"end":{"line":114,"column":null}},"14":{"start":{"line":115,"column":4},"end":{"line":115,"column":null}},"15":{"start":{"line":115,"column":14},"end":{"line":115,"column":null}},"16":{"start":{"line":116,"column":4},"end":{"line":116,"column":null}},"17":{"start":{"line":116,"column":47},"end":{"line":116,"column":69}},"18":{"start":{"line":116,"column":69},"end":{"line":116,"column":77}},"19":{"start":{"line":118,"column":4},"end":{"line":136,"column":null}},"20":{"start":{"line":119,"column":30},"end":{"line":119,"column":null}},"21":{"start":{"line":120,"column":22},"end":{"line":120,"column":null}},"22":{"start":{"line":121,"column":23},"end":{"line":121,"column":46}},"23":{"start":{"line":121,"column":46},"end":{"line":121,"column":54}},"24":{"start":{"line":122,"column":19},"end":{"line":122,"column":null}},"25":{"start":{"line":123,"column":32},"end":{"line":123,"column":null}},"26":{"start":{"line":124,"column":21},"end":{"line":124,"column":null}},"27":{"start":{"line":125,"column":19},"end":{"line":125,"column":null}},"28":{"start":{"line":126,"column":21},"end":{"line":126,"column":null}},"29":{"start":{"line":127,"column":18},"end":{"line":127,"column":null}},"30":{"start":{"line":129,"column":8},"end":{"line":134,"column":null}},"31":{"start":{"line":133,"column":10},"end":{"line":133,"column":null}},"32":{"start":{"line":135,"column":8},"end":{"line":135,"column":null}},"33":{"start":{"line":138,"column":4},"end":{"line":138,"column":null}},"34":{"start":{"line":138,"column":31},"end":{"line":138,"column":65}},"35":{"start":{"line":138,"column":65},"end":{"line":138,"column":82}},"36":{"start":{"line":139,"column":4},"end":{"line":139,"column":null}},"37":{"start":{"line":140,"column":4},"end":{"line":140,"column":null}},"38":{"start":{"line":147,"column":14},"end":{"line":147,"column":null}},"39":{"start":{"line":148,"column":20},"end":{"line":148,"column":null}},"40":{"start":{"line":148,"column":39},"end":{"line":148,"column":56}},"41":{"start":{"line":149,"column":2},"end":{"line":149,"column":null}},"42":{"start":{"line":149,"column":11},"end":{"line":149,"column":null}},"43":{"start":{"line":150,"column":2},"end":{"line":150,"column":null}},"44":{"start":{"line":154,"column":14},"end":{"line":154,"column":null}},"45":{"start":{"line":155,"column":20},"end":{"line":155,"column":null}},"46":{"start":{"line":155,"column":39},"end":{"line":155,"column":56}},"47":{"start":{"line":156,"column":2},"end":{"line":156,"column":null}},"48":{"start":{"line":156,"column":11},"end":{"line":156,"column":null}},"49":{"start":{"line":157,"column":2},"end":{"line":157,"column":null}},"50":{"start":{"line":172,"column":8},"end":{"line":172,"column":null}},"51":{"start":{"line":173,"column":2},"end":{"line":176,"column":null}},"52":{"start":{"line":174,"column":4},"end":{"line":174,"column":null}},"53":{"start":{"line":175,"column":4},"end":{"line":175,"column":null}},"54":{"start":{"line":177,"column":8},"end":{"line":177,"column":null}},"55":{"start":{"line":178,"column":18},"end":{"line":182,"column":null}},"56":{"start":{"line":178,"column":36},"end":{"line":182,"column":4}},"57":{"start":{"line":183,"column":2},"end":{"line":183,"column":null}},"58":{"start":{"line":189,"column":2},"end":{"line":250,"column":null}},"59":{"start":{"line":190,"column":10},"end":{"line":190,"column":null}},"60":{"start":{"line":191,"column":10},"end":{"line":191,"column":null}},"61":{"start":{"line":194,"column":76},"end":{"line":194,"column":null}},"62":{"start":{"line":195,"column":4},"end":{"line":201,"column":null}},"63":{"start":{"line":196,"column":6},"end":{"line":200,"column":null}},"64":{"start":{"line":202,"column":4},"end":{"line":205,"column":null}},"65":{"start":{"line":206,"column":4},"end":{"line":211,"column":null}},"66":{"start":{"line":207,"column":6},"end":{"line":210,"column":null}},"67":{"start":{"line":214,"column":32},"end":{"line":214,"column":null}},"68":{"start":{"line":215,"column":4},"end":{"line":218,"column":null}},"69":{"start":{"line":216,"column":17},"end":{"line":216,"column":null}},"70":{"start":{"line":216,"column":42},"end":{"line":216,"column":94}},"71":{"start":{"line":217,"column":6},"end":{"line":217,"column":null}},"72":{"start":{"line":217,"column":19},"end":{"line":217,"column":null}},"73":{"start":{"line":220,"column":19},"end":{"line":220,"column":null}},"74":{"start":{"line":222,"column":4},"end":{"line":222,"column":null}},"75":{"start":{"line":222,"column":36},"end":{"line":222,"column":null}},"76":{"start":{"line":223,"column":4},"end":{"line":223,"column":null}},"77":{"start":{"line":223,"column":35},"end":{"line":223,"column":null}},"78":{"start":{"line":224,"column":4},"end":{"line":229,"column":null}},"79":{"start":{"line":226,"column":22},"end":{"line":226,"column":null}},"80":{"start":{"line":227,"column":6},"end":{"line":227,"column":null}},"81":{"start":{"line":227,"column":19},"end":{"line":227,"column":null}},"82":{"start":{"line":228,"column":6},"end":{"line":228,"column":null}},"83":{"start":{"line":230,"column":4},"end":{"line":239,"column":null}},"84":{"start":{"line":231,"column":6},"end":{"line":237,"column":null}},"85":{"start":{"line":232,"column":21},"end":{"line":232,"column":null}},"86":{"start":{"line":233,"column":8},"end":{"line":233,"column":null}},"87":{"start":{"line":233,"column":18},"end":{"line":233,"column":null}},"88":{"start":{"line":235,"column":8},"end":{"line":235,"column":null}},"89":{"start":{"line":235,"column":35},"end":{"line":235,"column":69}},"90":{"start":{"line":235,"column":69},"end":{"line":235,"column":79}},"91":{"start":{"line":236,"column":8},"end":{"line":236,"column":null}},"92":{"start":{"line":238,"column":6},"end":{"line":238,"column":null}},"93":{"start":{"line":240,"column":4},"end":{"line":249,"column":null}},"94":{"start":{"line":241,"column":6},"end":{"line":247,"column":null}},"95":{"start":{"line":242,"column":21},"end":{"line":242,"column":null}},"96":{"start":{"line":243,"column":8},"end":{"line":243,"column":null}},"97":{"start":{"line":243,"column":18},"end":{"line":243,"column":null}},"98":{"start":{"line":245,"column":8},"end":{"line":245,"column":null}},"99":{"start":{"line":245,"column":35},"end":{"line":245,"column":69}},"100":{"start":{"line":245,"column":69},"end":{"line":245,"column":79}},"101":{"start":{"line":246,"column":8},"end":{"line":246,"column":null}},"102":{"start":{"line":248,"column":6},"end":{"line":248,"column":null}},"103":{"start":{"line":256,"column":8},"end":{"line":256,"column":null}},"104":{"start":{"line":257,"column":2},"end":{"line":260,"column":null}},"105":{"start":{"line":258,"column":4},"end":{"line":258,"column":null}},"106":{"start":{"line":259,"column":4},"end":{"line":259,"column":null}},"107":{"start":{"line":261,"column":8},"end":{"line":261,"column":null}},"108":{"start":{"line":262,"column":2},"end":{"line":262,"column":null}},"109":{"start":{"line":263,"column":2},"end":{"line":263,"column":null}},"110":{"start":{"line":263,"column":25},"end":{"line":263,"column":null}},"111":{"start":{"line":264,"column":2},"end":{"line":264,"column":null}},"112":{"start":{"line":268,"column":8},"end":{"line":268,"column":null}},"113":{"start":{"line":269,"column":2},"end":{"line":269,"column":null}},"114":{"start":{"line":270,"column":2},"end":{"line":272,"column":null}},"115":{"start":{"line":271,"column":4},"end":{"line":271,"column":null}},"116":{"start":{"line":273,"column":2},"end":{"line":273,"column":null}},"117":{"start":{"line":274,"column":2},"end":{"line":274,"column":null}},"118":{"start":{"line":280,"column":2},"end":{"line":282,"column":null}},"119":{"start":{"line":281,"column":4},"end":{"line":281,"column":null}},"120":{"start":{"line":291,"column":8},"end":{"line":291,"column":null}},"121":{"start":{"line":292,"column":2},"end":{"line":292,"column":null}},"122":{"start":{"line":292,"column":13},"end":{"line":292,"column":null}},"123":{"start":{"line":293,"column":2},"end":{"line":293,"column":null}},"124":{"start":{"line":293,"column":51},"end":{"line":293,"column":null}},"125":{"start":{"line":294,"column":2},"end":{"line":294,"column":null}},"126":{"start":{"line":294,"column":28},"end":{"line":294,"column":null}},"127":{"start":{"line":295,"column":2},"end":{"line":295,"column":null}},"128":{"start":{"line":299,"column":18},"end":{"line":299,"column":null}},"129":{"start":{"line":301,"column":30},"end":{"line":301,"column":null}},"130":{"start":{"line":303,"column":2},"end":{"line":326,"column":null}},"131":{"start":{"line":305,"column":4},"end":{"line":305,"column":null}},"132":{"start":{"line":306,"column":4},"end":{"line":306,"column":null}},"133":{"start":{"line":309,"column":17},"end":{"line":309,"column":null}},"134":{"start":{"line":310,"column":4},"end":{"line":325,"column":null}},"135":{"start":{"line":311,"column":21},"end":{"line":311,"column":null}},"136":{"start":{"line":314,"column":6},"end":{"line":318,"column":null}},"137":{"start":{"line":319,"column":6},"end":{"line":319,"column":null}},"138":{"start":{"line":321,"column":6},"end":{"line":324,"column":null}},"139":{"start":{"line":330,"column":2},"end":{"line":332,"column":null}},"140":{"start":{"line":331,"column":4},"end":{"line":331,"column":null}},"141":{"start":{"line":334,"column":2},"end":{"line":334,"column":null}},"142":{"start":{"line":335,"column":17},"end":{"line":335,"column":null}},"143":{"start":{"line":336,"column":2},"end":{"line":336,"column":null}},"144":{"start":{"line":337,"column":2},"end":{"line":337,"column":null}},"145":{"start":{"line":338,"column":2},"end":{"line":338,"column":null}},"146":{"start":{"line":342,"column":15},"end":{"line":342,"column":null}},"147":{"start":{"line":343,"column":14},"end":{"line":343,"column":null}},"148":{"start":{"line":344,"column":2},"end":{"line":344,"column":null}},"149":{"start":{"line":344,"column":15},"end":{"line":344,"column":51}},"150":{"start":{"line":344,"column":51},"end":{"line":344,"column":68}},"151":{"start":{"line":345,"column":2},"end":{"line":345,"column":null}},"152":{"start":{"line":345,"column":31},"end":{"line":345,"column":77}},"153":{"start":{"line":345,"column":77},"end":{"line":345,"column":94}},"154":{"start":{"line":346,"column":2},"end":{"line":346,"column":null}},"155":{"start":{"line":346,"column":11},"end":{"line":346,"column":null}},"156":{"start":{"line":347,"column":2},"end":{"line":347,"column":null}},"157":{"start":{"line":348,"column":8},"end":{"line":348,"column":null}},"158":{"start":{"line":349,"column":17},"end":{"line":349,"column":null}},"159":{"start":{"line":350,"column":2},"end":{"line":350,"column":null}},"160":{"start":{"line":351,"column":2},"end":{"line":351,"column":null}},"161":{"start":{"line":355,"column":15},"end":{"line":355,"column":null}},"162":{"start":{"line":356,"column":2},"end":{"line":356,"column":null}},"163":{"start":{"line":356,"column":15},"end":{"line":356,"column":53}},"164":{"start":{"line":356,"column":53},"end":{"line":356,"column":70}},"165":{"start":{"line":357,"column":2},"end":{"line":357,"column":null}},"166":{"start":{"line":357,"column":31},"end":{"line":357,"column":77}},"167":{"start":{"line":357,"column":77},"end":{"line":357,"column":94}},"168":{"start":{"line":358,"column":2},"end":{"line":358,"column":null}},"169":{"start":{"line":359,"column":13},"end":{"line":359,"column":null}},"170":{"start":{"line":360,"column":2},"end":{"line":360,"column":null}},"171":{"start":{"line":360,"column":13},"end":{"line":360,"column":47}},"172":{"start":{"line":360,"column":47},"end":{"line":360,"column":55}},"173":{"start":{"line":361,"column":2},"end":{"line":361,"column":null}},"174":{"start":{"line":362,"column":2},"end":{"line":362,"column":null}},"175":{"start":{"line":366,"column":17},"end":{"line":366,"column":null}},"176":{"start":{"line":367,"column":2},"end":{"line":367,"column":null}},"177":{"start":{"line":374,"column":2},"end":{"line":377,"column":null}},"178":{"start":{"line":375,"column":4},"end":{"line":375,"column":null}},"179":{"start":{"line":376,"column":4},"end":{"line":376,"column":null}},"180":{"start":{"line":378,"column":2},"end":{"line":378,"column":null}},"181":{"start":{"line":379,"column":17},"end":{"line":379,"column":null}},"182":{"start":{"line":380,"column":2},"end":{"line":380,"column":null}},"183":{"start":{"line":384,"column":15},"end":{"line":384,"column":null}},"184":{"start":{"line":385,"column":2},"end":{"line":385,"column":null}},"185":{"start":{"line":385,"column":15},"end":{"line":385,"column":51}},"186":{"start":{"line":385,"column":51},"end":{"line":385,"column":68}},"187":{"start":{"line":386,"column":8},"end":{"line":386,"column":null}},"188":{"start":{"line":387,"column":2},"end":{"line":387,"column":null}},"189":{"start":{"line":391,"column":21},"end":{"line":391,"column":null}},"190":{"start":{"line":392,"column":2},"end":{"line":392,"column":null}},"191":{"start":{"line":392,"column":24},"end":{"line":392,"column":null}},"192":{"start":{"line":393,"column":2},"end":{"line":397,"column":null}},"193":{"start":{"line":394,"column":4},"end":{"line":394,"column":null}},"194":{"start":{"line":395,"column":4},"end":{"line":395,"column":null}},"195":{"start":{"line":395,"column":59},"end":{"line":395,"column":66}},"196":{"start":{"line":396,"column":4},"end":{"line":396,"column":null}},"197":{"start":{"line":398,"column":2},"end":{"line":398,"column":null}},"198":{"start":{"line":399,"column":2},"end":{"line":399,"column":null}},"199":{"start":{"line":403,"column":16},"end":{"line":403,"column":null}},"200":{"start":{"line":403,"column":35},"end":{"line":403,"column":42}},"201":{"start":{"line":404,"column":2},"end":{"line":412,"column":null}},"202":{"start":{"line":405,"column":4},"end":{"line":408,"column":null}},"203":{"start":{"line":406,"column":6},"end":{"line":406,"column":null}},"204":{"start":{"line":407,"column":6},"end":{"line":407,"column":null}},"205":{"start":{"line":409,"column":4},"end":{"line":409,"column":null}},"206":{"start":{"line":410,"column":4},"end":{"line":410,"column":null}},"207":{"start":{"line":411,"column":4},"end":{"line":411,"column":null}},"208":{"start":{"line":413,"column":8},"end":{"line":413,"column":null}},"209":{"start":{"line":414,"column":17},"end":{"line":418,"column":null}},"210":{"start":{"line":416,"column":33},"end":{"line":416,"column":121}},"211":{"start":{"line":419,"column":2},"end":{"line":419,"column":null}},"212":{"start":{"line":420,"column":2},"end":{"line":420,"column":null}},"213":{"start":{"line":426,"column":8},"end":{"line":426,"column":null}},"214":{"start":{"line":427,"column":2},"end":{"line":427,"column":null}}},"fnMap":{"0":{"name":"(anonymous_0)","decl":{"start":{"line":97,"column":6},"end":{"line":97,"column":22}},"loc":{"start":{"line":97,"column":22},"end":{"line":100,"column":1}},"line":97},"1":{"name":"main","decl":{"start":{"line":109,"column":15},"end":{"line":109,"column":37}},"loc":{"start":{"line":109,"column":37},"end":{"line":142,"column":null}},"line":109},"2":{"name":"cmdLaunch","decl":{"start":{"line":146,"column":9},"end":{"line":146,"column":19}},"loc":{"start":{"line":146,"column":55},"end":{"line":151,"column":null}},"line":146},"3":{"name":"(anonymous_3)","decl":{"start":{"line":148,"column":25},"end":{"line":148,"column":33}},"loc":{"start":{"line":148,"column":39},"end":{"line":148,"column":56}},"line":148},"4":{"name":"cmdLaunchDefault","decl":{"start":{"line":153,"column":9},"end":{"line":153,"column":26}},"loc":{"start":{"line":153,"column":48},"end":{"line":158,"column":null}},"line":153},"5":{"name":"(anonymous_5)","decl":{"start":{"line":155,"column":25},"end":{"line":155,"column":33}},"loc":{"start":{"line":155,"column":39},"end":{"line":155,"column":56}},"line":155},"6":{"name":"pickExistingProvider","decl":{"start":{"line":171,"column":15},"end":{"line":171,"column":36}},"loc":{"start":{"line":171,"column":77},"end":{"line":184,"column":null}},"line":171},"7":{"name":"(anonymous_7)","decl":{"start":{"line":178,"column":24},"end":{"line":178,"column":29}},"loc":{"start":{"line":178,"column":36},"end":{"line":182,"column":4}},"line":178},"8":{"name":"cmdUse","decl":{"start":{"line":186,"column":15},"end":{"line":186,"column":22}},"loc":{"start":{"line":186,"column":53},"end":{"line":251,"column":null}},"line":186},"9":{"name":"(anonymous_9)","decl":{"start":{"line":216,"column":25},"end":{"line":216,"column":36}},"loc":{"start":{"line":216,"column":42},"end":{"line":216,"column":94}},"line":216},"10":{"name":"cmdList","decl":{"start":{"line":255,"column":9},"end":{"line":255,"column":25}},"loc":{"start":{"line":255,"column":25},"end":{"line":265,"column":null}},"line":255},"11":{"name":"cmdPresets","decl":{"start":{"line":267,"column":9},"end":{"line":267,"column":28}},"loc":{"start":{"line":267,"column":28},"end":{"line":275,"column":null}},"line":267},"12":{"name":"validateName","decl":{"start":{"line":279,"column":9},"end":{"line":279,"column":22}},"loc":{"start":{"line":279,"column":42},"end":{"line":283,"column":null}},"line":279},"13":{"name":"nameValidator","decl":{"start":{"line":290,"column":9},"end":{"line":290,"column":23}},"loc":{"start":{"line":290,"column":54},"end":{"line":296,"column":null}},"line":290},"14":{"name":"cmdCreate","decl":{"start":{"line":298,"column":15},"end":{"line":298,"column":25}},"loc":{"start":{"line":298,"column":70},"end":{"line":339,"column":null}},"line":298},"15":{"name":"cmdEdit","decl":{"start":{"line":341,"column":15},"end":{"line":341,"column":23}},"loc":{"start":{"line":341,"column":54},"end":{"line":352,"column":null}},"line":341},"16":{"name":"cmdRemove","decl":{"start":{"line":354,"column":15},"end":{"line":354,"column":25}},"loc":{"start":{"line":354,"column":56},"end":{"line":363,"column":null}},"line":354},"17":{"name":"editRaw","decl":{"start":{"line":365,"column":9},"end":{"line":365,"column":17}},"loc":{"start":{"line":365,"column":37},"end":{"line":368,"column":null}},"line":365},"18":{"name":"cmdCommon","decl":{"start":{"line":372,"column":9},"end":{"line":372,"column":27}},"loc":{"start":{"line":372,"column":27},"end":{"line":381,"column":null}},"line":372},"19":{"name":"cmdShow","decl":{"start":{"line":383,"column":9},"end":{"line":383,"column":17}},"loc":{"start":{"line":383,"column":39},"end":{"line":388,"column":null}},"line":383},"20":{"name":"cmdConfig","decl":{"start":{"line":390,"column":15},"end":{"line":390,"column":25}},"loc":{"start":{"line":390,"column":56},"end":{"line":400,"column":null}},"line":390},"21":{"name":"(anonymous_21)","decl":{"start":{"line":395,"column":48},"end":{"line":395,"column":53}},"loc":{"start":{"line":395,"column":59},"end":{"line":395,"column":66}},"line":395},"22":{"name":"cmdConfigLocale","decl":{"start":{"line":402,"column":15},"end":{"line":402,"column":31}},"loc":{"start":{"line":402,"column":71},"end":{"line":421,"column":null}},"line":402},"23":{"name":"(anonymous_23)","decl":{"start":{"line":403,"column":24},"end":{"line":403,"column":29}},"loc":{"start":{"line":403,"column":35},"end":{"line":403,"column":42}},"line":403},"24":{"name":"(anonymous_24)","decl":{"start":{"line":416,"column":21},"end":{"line":416,"column":26}},"loc":{"start":{"line":416,"column":33},"end":{"line":416,"column":121}},"line":416},"25":{"name":"printHelp","decl":{"start":{"line":425,"column":9},"end":{"line":425,"column":27}},"loc":{"start":{"line":425,"column":27},"end":{"line":428,"column":null}},"line":425}},"branchMap":{"0":{"loc":{"start":{"line":98,"column":28},"end":{"line":98,"column":49}},"type":"binary-expr","locations":[{"start":{"line":98,"column":28},"end":{"line":98,"column":47}},{"start":{"line":98,"column":47},"end":{"line":98,"column":49}}],"line":98},"1":{"loc":{"start":{"line":101,"column":0},"end":{"line":101,"column":null}},"type":"if","locations":[{"start":{"line":101,"column":0},"end":{"line":101,"column":null}},{"start":{},"end":{}}],"line":101},"2":{"loc":{"start":{"line":114,"column":4},"end":{"line":114,"column":null}},"type":"if","locations":[{"start":{"line":114,"column":4},"end":{"line":114,"column":null}},{"start":{},"end":{}}],"line":114},"3":{"loc":{"start":{"line":114,"column":8},"end":{"line":114,"column":60}},"type":"binary-expr","locations":[{"start":{"line":114,"column":8},"end":{"line":114,"column":24}},{"start":{"line":114,"column":24},"end":{"line":114,"column":44}},{"start":{"line":114,"column":44},"end":{"line":114,"column":60}}],"line":114},"4":{"loc":{"start":{"line":115,"column":4},"end":{"line":115,"column":null}},"type":"if","locations":[{"start":{"line":115,"column":4},"end":{"line":115,"column":null}},{"start":{},"end":{}}],"line":115},"5":{"loc":{"start":{"line":116,"column":4},"end":{"line":116,"column":null}},"type":"if","locations":[{"start":{"line":116,"column":4},"end":{"line":116,"column":null}},{"start":{},"end":{}}],"line":116},"6":{"loc":{"start":{"line":116,"column":8},"end":{"line":116,"column":45}},"type":"binary-expr","locations":[{"start":{"line":116,"column":8},"end":{"line":116,"column":24}},{"start":{"line":116,"column":24},"end":{"line":116,"column":45}}],"line":116},"7":{"loc":{"start":{"line":118,"column":4},"end":{"line":136,"column":null}},"type":"switch","locations":[{"start":{"line":119,"column":6},"end":{"line":119,"column":19}},{"start":{"line":119,"column":19},"end":{"line":119,"column":null}},{"start":{"line":120,"column":6},"end":{"line":120,"column":null}},{"start":{"line":121,"column":6},"end":{"line":121,"column":null}},{"start":{"line":122,"column":6},"end":{"line":122,"column":null}},{"start":{"line":123,"column":6},"end":{"line":123,"column":21}},{"start":{"line":123,"column":21},"end":{"line":123,"column":null}},{"start":{"line":124,"column":6},"end":{"line":124,"column":null}},{"start":{"line":125,"column":6},"end":{"line":125,"column":null}},{"start":{"line":126,"column":6},"end":{"line":126,"column":null}},{"start":{"line":127,"column":6},"end":{"line":127,"column":null}},{"start":{"line":128,"column":6},"end":{"line":135,"column":null}}],"line":118},"8":{"loc":{"start":{"line":129,"column":8},"end":{"line":134,"column":null}},"type":"if","locations":[{"start":{"line":129,"column":8},"end":{"line":134,"column":null}},{"start":{},"end":{}}],"line":129},"9":{"loc":{"start":{"line":138,"column":4},"end":{"line":138,"column":null}},"type":"if","locations":[{"start":{"line":138,"column":4},"end":{"line":138,"column":null}},{"start":{},"end":{}}],"line":138},"10":{"loc":{"start":{"line":149,"column":2},"end":{"line":149,"column":null}},"type":"if","locations":[{"start":{"line":149,"column":2},"end":{"line":149,"column":null}},{"start":{},"end":{}}],"line":149},"11":{"loc":{"start":{"line":156,"column":2},"end":{"line":156,"column":null}},"type":"if","locations":[{"start":{"line":156,"column":2},"end":{"line":156,"column":null}},{"start":{},"end":{}}],"line":156},"12":{"loc":{"start":{"line":173,"column":2},"end":{"line":176,"column":null}},"type":"if","locations":[{"start":{"line":173,"column":2},"end":{"line":176,"column":null}},{"start":{},"end":{}}],"line":173},"13":{"loc":{"start":{"line":181,"column":10},"end":{"line":181,"column":null}},"type":"cond-expr","locations":[{"start":{"line":181,"column":16},"end":{"line":181,"column":44}},{"start":{"line":181,"column":44},"end":{"line":181,"column":null}}],"line":181},"14":{"loc":{"start":{"line":199,"column":14},"end":{"line":199,"column":null}},"type":"cond-expr","locations":[{"start":{"line":199,"column":20},"end":{"line":199,"column":48}},{"start":{"line":199,"column":48},"end":{"line":199,"column":null}}],"line":199},"15":{"loc":{"start":{"line":206,"column":4},"end":{"line":211,"column":null}},"type":"if","locations":[{"start":{"line":206,"column":4},"end":{"line":211,"column":null}},{"start":{},"end":{}}],"line":206},"16":{"loc":{"start":{"line":215,"column":4},"end":{"line":218,"column":null}},"type":"if","locations":[{"start":{"line":215,"column":4},"end":{"line":218,"column":null}},{"start":{},"end":{}}],"line":215},"17":{"loc":{"start":{"line":216,"column":42},"end":{"line":216,"column":94}},"type":"binary-expr","locations":[{"start":{"line":216,"column":42},"end":{"line":216,"column":73}},{"start":{"line":216,"column":73},"end":{"line":216,"column":94}}],"line":216},"18":{"loc":{"start":{"line":217,"column":6},"end":{"line":217,"column":null}},"type":"if","locations":[{"start":{"line":217,"column":6},"end":{"line":217,"column":null}},{"start":{},"end":{}}],"line":217},"19":{"loc":{"start":{"line":222,"column":4},"end":{"line":222,"column":null}},"type":"if","locations":[{"start":{"line":222,"column":4},"end":{"line":222,"column":null}},{"start":{},"end":{}}],"line":222},"20":{"loc":{"start":{"line":223,"column":4},"end":{"line":223,"column":null}},"type":"if","locations":[{"start":{"line":223,"column":4},"end":{"line":223,"column":null}},{"start":{},"end":{}}],"line":223},"21":{"loc":{"start":{"line":224,"column":4},"end":{"line":229,"column":null}},"type":"if","locations":[{"start":{"line":224,"column":4},"end":{"line":229,"column":null}},{"start":{},"end":{}}],"line":224},"22":{"loc":{"start":{"line":227,"column":6},"end":{"line":227,"column":null}},"type":"if","locations":[{"start":{"line":227,"column":6},"end":{"line":227,"column":null}},{"start":{},"end":{}}],"line":227},"23":{"loc":{"start":{"line":230,"column":4},"end":{"line":239,"column":null}},"type":"if","locations":[{"start":{"line":230,"column":4},"end":{"line":239,"column":null}},{"start":{},"end":{}}],"line":230},"24":{"loc":{"start":{"line":233,"column":8},"end":{"line":233,"column":null}},"type":"if","locations":[{"start":{"line":233,"column":8},"end":{"line":233,"column":null}},{"start":{},"end":{}}],"line":233},"25":{"loc":{"start":{"line":235,"column":8},"end":{"line":235,"column":null}},"type":"if","locations":[{"start":{"line":235,"column":8},"end":{"line":235,"column":null}},{"start":{},"end":{}}],"line":235},"26":{"loc":{"start":{"line":240,"column":4},"end":{"line":249,"column":null}},"type":"if","locations":[{"start":{"line":240,"column":4},"end":{"line":249,"column":null}},{"start":{},"end":{}}],"line":240},"27":{"loc":{"start":{"line":243,"column":8},"end":{"line":243,"column":null}},"type":"if","locations":[{"start":{"line":243,"column":8},"end":{"line":243,"column":null}},{"start":{},"end":{}}],"line":243},"28":{"loc":{"start":{"line":245,"column":8},"end":{"line":245,"column":null}},"type":"if","locations":[{"start":{"line":245,"column":8},"end":{"line":245,"column":null}},{"start":{},"end":{}}],"line":245},"29":{"loc":{"start":{"line":257,"column":2},"end":{"line":260,"column":null}},"type":"if","locations":[{"start":{"line":257,"column":2},"end":{"line":260,"column":null}},{"start":{},"end":{}}],"line":257},"30":{"loc":{"start":{"line":263,"column":42},"end":{"line":263,"column":65}},"type":"cond-expr","locations":[{"start":{"line":263,"column":55},"end":{"line":263,"column":61}},{"start":{"line":263,"column":61},"end":{"line":263,"column":65}}],"line":263},"31":{"loc":{"start":{"line":271,"column":53},"end":{"line":271,"column":88}},"type":"binary-expr","locations":[{"start":{"line":271,"column":53},"end":{"line":271,"column":66}},{"start":{"line":271,"column":55},"end":{"line":271,"column":88}}],"line":271},"32":{"loc":{"start":{"line":280,"column":2},"end":{"line":282,"column":null}},"type":"if","locations":[{"start":{"line":280,"column":2},"end":{"line":282,"column":null}},{"start":{},"end":{}}],"line":280},"33":{"loc":{"start":{"line":280,"column":6},"end":{"line":280,"column":60}},"type":"binary-expr","locations":[{"start":{"line":280,"column":6},"end":{"line":280,"column":15}},{"start":{"line":280,"column":15},"end":{"line":280,"column":39}},{"start":{"line":280,"column":39},"end":{"line":280,"column":60}}],"line":280},"34":{"loc":{"start":{"line":291,"column":16},"end":{"line":291,"column":23}},"type":"binary-expr","locations":[{"start":{"line":291,"column":16},"end":{"line":291,"column":21}},{"start":{"line":291,"column":21},"end":{"line":291,"column":23}}],"line":291},"35":{"loc":{"start":{"line":292,"column":2},"end":{"line":292,"column":null}},"type":"if","locations":[{"start":{"line":292,"column":2},"end":{"line":292,"column":null}},{"start":{},"end":{}}],"line":292},"36":{"loc":{"start":{"line":293,"column":2},"end":{"line":293,"column":null}},"type":"if","locations":[{"start":{"line":293,"column":2},"end":{"line":293,"column":null}},{"start":{},"end":{}}],"line":293},"37":{"loc":{"start":{"line":293,"column":6},"end":{"line":293,"column":51}},"type":"binary-expr","locations":[{"start":{"line":293,"column":6},"end":{"line":293,"column":30}},{"start":{"line":293,"column":30},"end":{"line":293,"column":51}}],"line":293},"38":{"loc":{"start":{"line":294,"column":2},"end":{"line":294,"column":null}},"type":"if","locations":[{"start":{"line":294,"column":2},"end":{"line":294,"column":null}},{"start":{},"end":{}}],"line":294},"39":{"loc":{"start":{"line":303,"column":2},"end":{"line":326,"column":null}},"type":"if","locations":[{"start":{"line":303,"column":2},"end":{"line":326,"column":null}},{"start":{"line":307,"column":9},"end":{"line":326,"column":null}}],"line":303},"40":{"loc":{"start":{"line":310,"column":4},"end":{"line":325,"column":null}},"type":"if","locations":[{"start":{"line":310,"column":4},"end":{"line":325,"column":null}},{"start":{"line":320,"column":11},"end":{"line":325,"column":null}}],"line":310},"41":{"loc":{"start":{"line":330,"column":2},"end":{"line":332,"column":null}},"type":"if","locations":[{"start":{"line":330,"column":2},"end":{"line":332,"column":null}},{"start":{},"end":{}}],"line":330},"42":{"loc":{"start":{"line":344,"column":2},"end":{"line":344,"column":null}},"type":"if","locations":[{"start":{"line":344,"column":2},"end":{"line":344,"column":null}},{"start":{},"end":{}}],"line":344},"43":{"loc":{"start":{"line":345,"column":2},"end":{"line":345,"column":null}},"type":"if","locations":[{"start":{"line":345,"column":2},"end":{"line":345,"column":null}},{"start":{},"end":{}}],"line":345},"44":{"loc":{"start":{"line":346,"column":2},"end":{"line":346,"column":null}},"type":"if","locations":[{"start":{"line":346,"column":2},"end":{"line":346,"column":null}},{"start":{},"end":{}}],"line":346},"45":{"loc":{"start":{"line":348,"column":8},"end":{"line":348,"column":null}},"type":"binary-expr","locations":[{"start":{"line":348,"column":8},"end":{"line":348,"column":40}},{"start":{"line":348,"column":40},"end":{"line":348,"column":null}}],"line":348},"46":{"loc":{"start":{"line":356,"column":2},"end":{"line":356,"column":null}},"type":"if","locations":[{"start":{"line":356,"column":2},"end":{"line":356,"column":null}},{"start":{},"end":{}}],"line":356},"47":{"loc":{"start":{"line":357,"column":2},"end":{"line":357,"column":null}},"type":"if","locations":[{"start":{"line":357,"column":2},"end":{"line":357,"column":null}},{"start":{},"end":{}}],"line":357},"48":{"loc":{"start":{"line":360,"column":2},"end":{"line":360,"column":null}},"type":"if","locations":[{"start":{"line":360,"column":2},"end":{"line":360,"column":null}},{"start":{},"end":{}}],"line":360},"49":{"loc":{"start":{"line":366,"column":17},"end":{"line":366,"column":null}},"type":"binary-expr","locations":[{"start":{"line":366,"column":17},"end":{"line":366,"column":39}},{"start":{"line":366,"column":39},"end":{"line":366,"column":61}},{"start":{"line":366,"column":61},"end":{"line":366,"column":null}}],"line":366},"50":{"loc":{"start":{"line":374,"column":2},"end":{"line":377,"column":null}},"type":"if","locations":[{"start":{"line":374,"column":2},"end":{"line":377,"column":null}},{"start":{},"end":{}}],"line":374},"51":{"loc":{"start":{"line":379,"column":17},"end":{"line":379,"column":null}},"type":"binary-expr","locations":[{"start":{"line":379,"column":17},"end":{"line":379,"column":39}},{"start":{"line":379,"column":39},"end":{"line":379,"column":61}},{"start":{"line":379,"column":61},"end":{"line":379,"column":null}}],"line":379},"52":{"loc":{"start":{"line":385,"column":2},"end":{"line":385,"column":null}},"type":"if","locations":[{"start":{"line":385,"column":2},"end":{"line":385,"column":null}},{"start":{},"end":{}}],"line":385},"53":{"loc":{"start":{"line":392,"column":2},"end":{"line":392,"column":null}},"type":"if","locations":[{"start":{"line":392,"column":2},"end":{"line":392,"column":null}},{"start":{},"end":{}}],"line":392},"54":{"loc":{"start":{"line":393,"column":2},"end":{"line":397,"column":null}},"type":"if","locations":[{"start":{"line":393,"column":2},"end":{"line":397,"column":null}},{"start":{},"end":{}}],"line":393},"55":{"loc":{"start":{"line":404,"column":2},"end":{"line":412,"column":null}},"type":"if","locations":[{"start":{"line":404,"column":2},"end":{"line":412,"column":null}},{"start":{},"end":{}}],"line":404},"56":{"loc":{"start":{"line":405,"column":4},"end":{"line":408,"column":null}},"type":"if","locations":[{"start":{"line":405,"column":4},"end":{"line":408,"column":null}},{"start":{},"end":{}}],"line":405},"57":{"loc":{"start":{"line":416,"column":73},"end":{"line":416,"column":119}},"type":"cond-expr","locations":[{"start":{"line":416,"column":85},"end":{"line":416,"column":116}},{"start":{"line":416,"column":116},"end":{"line":416,"column":119}}],"line":416},"58":{"loc":{"start":{"line":417,"column":18},"end":{"line":417,"column":null}},"type":"cond-expr","locations":[{"start":{"line":417,"column":44},"end":{"line":417,"column":54}},{"start":{"line":417,"column":54},"end":{"line":417,"column":null}}],"line":417},"59":{"loc":{"start":{"line":427,"column":14},"end":{"line":427,"column":50}},"type":"cond-expr","locations":[{"start":{"line":427,"column":35},"end":{"line":427,"column":44}},{"start":{"line":427,"column":44},"end":{"line":427,"column":50}}],"line":427}},"s":{"0":3,"1":3,"2":3,"3":3,"4":3,"5":3,"6":0,"7":3,"8":0,"9":8,"10":8,"11":8,"12":8,"13":1,"14":7,"15":7,"16":6,"17":1,"18":1,"19":5,"20":1,"21":1,"22":0,"23":0,"24":0,"25":0,"26":0,"27":0,"28":0,"29":0,"30":3,"31":1,"32":2,"33":0,"34":0,"35":0,"36":0,"37":0,"38":4,"39":4,"40":3,"41":4,"42":1,"43":3,"44":7,"45":7,"46":1,"47":7,"48":0,"49":7,"50":4,"51":4,"52":0,"53":0,"54":4,"55":4,"56":12,"57":4,"58":9,"59":13,"60":13,"61":13,"62":13,"63":36,"64":13,"65":13,"66":13,"67":13,"68":13,"69":13,"70":88,"71":13,"72":0,"73":13,"74":13,"75":1,"76":12,"77":12,"78":5,"79":1,"80":1,"81":1,"82":0,"83":4,"84":2,"85":2,"86":1,"87":1,"88":1,"89":1,"90":1,"91":0,"92":1,"93":2,"94":2,"95":2,"96":2,"97":2,"98":0,"99":0,"100":0,"101":0,"102":2,"103":3,"104":3,"105":0,"106":0,"107":3,"108":3,"109":3,"110":7,"111":3,"112":2,"113":2,"114":2,"115":12,"116":2,"117":2,"118":10,"119":7,"120":7,"121":7,"122":2,"123":5,"124":2,"125":3,"126":3,"127":2,"128":6,"129":6,"130":6,"131":3,"132":3,"133":3,"134":3,"135":1,"136":1,"137":1,"138":2,"139":5,"140":1,"141":4,"142":4,"143":4,"144":4,"145":4,"146":5,"147":5,"148":5,"149":1,"150":1,"151":4,"152":1,"153":1,"154":3,"155":3,"156":2,"157":2,"158":5,"159":2,"160":2,"161":5,"162":5,"163":1,"164":1,"165":4,"166":0,"167":0,"168":4,"169":4,"170":4,"171":2,"172":2,"173":2,"174":2,"175":1,"176":1,"177":1,"178":0,"179":0,"180":1,"181":1,"182":1,"183":2,"184":2,"185":1,"186":1,"187":1,"188":1,"189":4,"190":4,"191":2,"192":2,"193":1,"194":1,"195":2,"196":1,"197":1,"198":1,"199":3,"200":6,"201":3,"202":2,"203":1,"204":1,"205":1,"206":1,"207":1,"208":1,"209":1,"210":2,"211":1,"212":1,"213":2,"214":2},"f":{"0":3,"1":8,"2":4,"3":3,"4":7,"5":1,"6":4,"7":12,"8":9,"9":88,"10":3,"11":2,"12":10,"13":7,"14":6,"15":5,"16":5,"17":1,"18":1,"19":2,"20":4,"21":2,"22":3,"23":6,"24":2,"25":2},"b":{"0":[3,0],"1":[0,3],"2":[1,7],"3":[8,8,7],"4":[1,6],"5":[1,5],"6":[6,6],"7":[1,1,1,0,0,0,0,0,0,0,0,3],"8":[1,2],"9":[0,0],"10":[1,3],"11":[0,7],"12":[0,4],"13":[0,12],"14":[0,36],"15":[13,0],"16":[13,0],"17":[88,36],"18":[0,13],"19":[1,12],"20":[7,5],"21":[1,4],"22":[1,0],"23":[2,2],"24":[1,0],"25":[1,0],"26":[2,0],"27":[2,0],"28":[0,0],"29":[0,3],"30":[0,7],"31":[12,0],"32":[7,3],"33":[10,9,5],"34":[7,1],"35":[2,5],"36":[2,3],"37":[5,3],"38":[1,2],"39":[3,3],"40":[1,2],"41":[1,4],"42":[1,4],"43":[1,3],"44":[1,2],"45":[2,0],"46":[1,4],"47":[0,4],"48":[2,2],"49":[1,0,0],"50":[0,1],"51":[1,0,0],"52":[1,1],"53":[2,2],"54":[1,1],"55":[2,1],"56":[1,1],"57":[1,1],"58":[1,0],"59":[0,2]},"meta":{"lastBranch":60,"lastFunction":26,"lastStatement":215,"seen":{"s:18:16:18:Infinity":0,"s:20:15:20:Infinity":1,"s:58:15:58:Infinity":2,"s:97:6:100:Infinity":3,"f:97:6:97:22":0,"s:98:2:99:Infinity":4,"s:98:8:98:87":5,"b:98:28:98:47:98:47:98:49":0,"s:99:10:99:24":6,"b:101:0:101:Infinity:undefined:undefined:undefined:undefined":1,"s:101:0:101:Infinity":7,"s:101:12:101:Infinity":8,"f:109:15:109:37":1,"s:110:15:110:Infinity":9,"s:111:25:111:Infinity":10,"s:113:2:141:Infinity":11,"b:114:4:114:Infinity:undefined:undefined:undefined:undefined":2,"s:114:4:114:Infinity":12,"b:114:8:114:24:114:24:114:44:114:44:114:60":3,"s:114:60:114:Infinity":13,"b:115:4:115:Infinity:undefined:undefined:undefined:undefined":4,"s:115:4:115:Infinity":14,"s:115:14:115:Infinity":15,"b:116:4:116:Infinity:undefined:undefined:undefined:undefined":5,"s:116:4:116:Infinity":16,"b:116:8:116:24:116:24:116:45":6,"s:116:47:116:69":17,"s:116:69:116:77":18,"b:119:6:119:19:119:19:119:Infinity:120:6:120:Infinity:121:6:121:Infinity:122:6:122:Infinity:123:6:123:21:123:21:123:Infinity:124:6:124:Infinity:125:6:125:Infinity:126:6:126:Infinity:127:6:127:Infinity:128:6:135:Infinity":7,"s:118:4:136:Infinity":19,"s:119:30:119:Infinity":20,"s:120:22:120:Infinity":21,"s:121:23:121:46":22,"s:121:46:121:54":23,"s:122:19:122:Infinity":24,"s:123:32:123:Infinity":25,"s:124:21:124:Infinity":26,"s:125:19:125:Infinity":27,"s:126:21:126:Infinity":28,"s:127:18:127:Infinity":29,"b:129:8:134:Infinity:undefined:undefined:undefined:undefined":8,"s:129:8:134:Infinity":30,"s:133:10:133:Infinity":31,"s:135:8:135:Infinity":32,"b:138:4:138:Infinity:undefined:undefined:undefined:undefined":9,"s:138:4:138:Infinity":33,"s:138:31:138:65":34,"s:138:65:138:82":35,"s:139:4:139:Infinity":36,"s:140:4:140:Infinity":37,"f:146:9:146:19":2,"s:147:14:147:Infinity":38,"s:148:20:148:Infinity":39,"f:148:25:148:33":3,"s:148:39:148:56":40,"b:149:2:149:Infinity:undefined:undefined:undefined:undefined":10,"s:149:2:149:Infinity":41,"s:149:11:149:Infinity":42,"s:150:2:150:Infinity":43,"f:153:9:153:26":4,"s:154:14:154:Infinity":44,"s:155:20:155:Infinity":45,"f:155:25:155:33":5,"s:155:39:155:56":46,"b:156:2:156:Infinity:undefined:undefined:undefined:undefined":11,"s:156:2:156:Infinity":47,"s:156:11:156:Infinity":48,"s:157:2:157:Infinity":49,"f:171:15:171:36":6,"s:172:8:172:Infinity":50,"b:173:2:176:Infinity:undefined:undefined:undefined:undefined":12,"s:173:2:176:Infinity":51,"s:174:4:174:Infinity":52,"s:175:4:175:Infinity":53,"s:177:8:177:Infinity":54,"s:178:18:182:Infinity":55,"f:178:24:178:29":7,"s:178:36:182:4":56,"b:181:16:181:44:181:44:181:Infinity":13,"s:183:2:183:Infinity":57,"f:186:15:186:22":8,"s:189:2:250:Infinity":58,"s:190:10:190:Infinity":59,"s:191:10:191:Infinity":60,"s:194:76:194:Infinity":61,"s:195:4:201:Infinity":62,"s:196:6:200:Infinity":63,"b:199:20:199:48:199:48:199:Infinity":14,"s:202:4:205:Infinity":64,"b:206:4:211:Infinity:undefined:undefined:undefined:undefined":15,"s:206:4:211:Infinity":65,"s:207:6:210:Infinity":66,"s:214:32:214:Infinity":67,"b:215:4:218:Infinity:undefined:undefined:undefined:undefined":16,"s:215:4:218:Infinity":68,"s:216:17:216:Infinity":69,"f:216:25:216:36":9,"s:216:42:216:94":70,"b:216:42:216:73:216:73:216:94":17,"b:217:6:217:Infinity:undefined:undefined:undefined:undefined":18,"s:217:6:217:Infinity":71,"s:217:19:217:Infinity":72,"s:220:19:220:Infinity":73,"b:222:4:222:Infinity:undefined:undefined:undefined:undefined":19,"s:222:4:222:Infinity":74,"s:222:36:222:Infinity":75,"b:223:4:223:Infinity:undefined:undefined:undefined:undefined":20,"s:223:4:223:Infinity":76,"s:223:35:223:Infinity":77,"b:224:4:229:Infinity:undefined:undefined:undefined:undefined":21,"s:224:4:229:Infinity":78,"s:226:22:226:Infinity":79,"b:227:6:227:Infinity:undefined:undefined:undefined:undefined":22,"s:227:6:227:Infinity":80,"s:227:19:227:Infinity":81,"s:228:6:228:Infinity":82,"b:230:4:239:Infinity:undefined:undefined:undefined:undefined":23,"s:230:4:239:Infinity":83,"s:231:6:237:Infinity":84,"s:232:21:232:Infinity":85,"b:233:8:233:Infinity:undefined:undefined:undefined:undefined":24,"s:233:8:233:Infinity":86,"s:233:18:233:Infinity":87,"b:235:8:235:Infinity:undefined:undefined:undefined:undefined":25,"s:235:8:235:Infinity":88,"s:235:35:235:69":89,"s:235:69:235:79":90,"s:236:8:236:Infinity":91,"s:238:6:238:Infinity":92,"b:240:4:249:Infinity:undefined:undefined:undefined:undefined":26,"s:240:4:249:Infinity":93,"s:241:6:247:Infinity":94,"s:242:21:242:Infinity":95,"b:243:8:243:Infinity:undefined:undefined:undefined:undefined":27,"s:243:8:243:Infinity":96,"s:243:18:243:Infinity":97,"b:245:8:245:Infinity:undefined:undefined:undefined:undefined":28,"s:245:8:245:Infinity":98,"s:245:35:245:69":99,"s:245:69:245:79":100,"s:246:8:246:Infinity":101,"s:248:6:248:Infinity":102,"f:255:9:255:25":10,"s:256:8:256:Infinity":103,"b:257:2:260:Infinity:undefined:undefined:undefined:undefined":29,"s:257:2:260:Infinity":104,"s:258:4:258:Infinity":105,"s:259:4:259:Infinity":106,"s:261:8:261:Infinity":107,"s:262:2:262:Infinity":108,"s:263:2:263:Infinity":109,"s:263:25:263:Infinity":110,"b:263:55:263:61:263:61:263:65":30,"s:264:2:264:Infinity":111,"f:267:9:267:28":11,"s:268:8:268:Infinity":112,"s:269:2:269:Infinity":113,"s:270:2:272:Infinity":114,"s:271:4:271:Infinity":115,"b:271:53:271:66:271:55:271:88":31,"s:273:2:273:Infinity":116,"s:274:2:274:Infinity":117,"f:279:9:279:22":12,"b:280:2:282:Infinity:undefined:undefined:undefined:undefined":32,"s:280:2:282:Infinity":118,"b:280:6:280:15:280:15:280:39:280:39:280:60":33,"s:281:4:281:Infinity":119,"f:290:9:290:23":13,"s:291:8:291:Infinity":120,"b:291:16:291:21:291:21:291:23":34,"b:292:2:292:Infinity:undefined:undefined:undefined:undefined":35,"s:292:2:292:Infinity":121,"s:292:13:292:Infinity":122,"b:293:2:293:Infinity:undefined:undefined:undefined:undefined":36,"s:293:2:293:Infinity":123,"b:293:6:293:30:293:30:293:51":37,"s:293:51:293:Infinity":124,"b:294:2:294:Infinity:undefined:undefined:undefined:undefined":38,"s:294:2:294:Infinity":125,"s:294:28:294:Infinity":126,"s:295:2:295:Infinity":127,"f:298:15:298:25":14,"s:299:18:299:Infinity":128,"s:301:30:301:Infinity":129,"b:303:2:326:Infinity:307:9:326:Infinity":39,"s:303:2:326:Infinity":130,"s:305:4:305:Infinity":131,"s:306:4:306:Infinity":132,"s:309:17:309:Infinity":133,"b:310:4:325:Infinity:320:11:325:Infinity":40,"s:310:4:325:Infinity":134,"s:311:21:311:Infinity":135,"s:314:6:318:Infinity":136,"s:319:6:319:Infinity":137,"s:321:6:324:Infinity":138,"b:330:2:332:Infinity:undefined:undefined:undefined:undefined":41,"s:330:2:332:Infinity":139,"s:331:4:331:Infinity":140,"s:334:2:334:Infinity":141,"s:335:17:335:Infinity":142,"s:336:2:336:Infinity":143,"s:337:2:337:Infinity":144,"s:338:2:338:Infinity":145,"f:341:15:341:23":15,"s:342:15:342:Infinity":146,"s:343:14:343:Infinity":147,"b:344:2:344:Infinity:undefined:undefined:undefined:undefined":42,"s:344:2:344:Infinity":148,"s:344:15:344:51":149,"s:344:51:344:68":150,"b:345:2:345:Infinity:undefined:undefined:undefined:undefined":43,"s:345:2:345:Infinity":151,"s:345:31:345:77":152,"s:345:77:345:94":153,"b:346:2:346:Infinity:undefined:undefined:undefined:undefined":44,"s:346:2:346:Infinity":154,"s:346:11:346:Infinity":155,"s:347:2:347:Infinity":156,"s:348:8:348:Infinity":157,"b:348:8:348:40:348:40:348:Infinity":45,"s:349:17:349:Infinity":158,"s:350:2:350:Infinity":159,"s:351:2:351:Infinity":160,"f:354:15:354:25":16,"s:355:15:355:Infinity":161,"b:356:2:356:Infinity:undefined:undefined:undefined:undefined":46,"s:356:2:356:Infinity":162,"s:356:15:356:53":163,"s:356:53:356:70":164,"b:357:2:357:Infinity:undefined:undefined:undefined:undefined":47,"s:357:2:357:Infinity":165,"s:357:31:357:77":166,"s:357:77:357:94":167,"s:358:2:358:Infinity":168,"s:359:13:359:Infinity":169,"b:360:2:360:Infinity:undefined:undefined:undefined:undefined":48,"s:360:2:360:Infinity":170,"s:360:13:360:47":171,"s:360:47:360:55":172,"s:361:2:361:Infinity":173,"s:362:2:362:Infinity":174,"f:365:9:365:17":17,"s:366:17:366:Infinity":175,"b:366:17:366:39:366:39:366:61:366:61:366:Infinity":49,"s:367:2:367:Infinity":176,"f:372:9:372:27":18,"b:374:2:377:Infinity:undefined:undefined:undefined:undefined":50,"s:374:2:377:Infinity":177,"s:375:4:375:Infinity":178,"s:376:4:376:Infinity":179,"s:378:2:378:Infinity":180,"s:379:17:379:Infinity":181,"b:379:17:379:39:379:39:379:61:379:61:379:Infinity":51,"s:380:2:380:Infinity":182,"f:383:9:383:17":19,"s:384:15:384:Infinity":183,"b:385:2:385:Infinity:undefined:undefined:undefined:undefined":52,"s:385:2:385:Infinity":184,"s:385:15:385:51":185,"s:385:51:385:68":186,"s:386:8:386:Infinity":187,"s:387:2:387:Infinity":188,"f:390:15:390:25":20,"s:391:21:391:Infinity":189,"b:392:2:392:Infinity:undefined:undefined:undefined:undefined":53,"s:392:2:392:Infinity":190,"s:392:24:392:Infinity":191,"b:393:2:397:Infinity:undefined:undefined:undefined:undefined":54,"s:393:2:397:Infinity":192,"s:394:4:394:Infinity":193,"s:395:4:395:Infinity":194,"f:395:48:395:53":21,"s:395:59:395:66":195,"s:396:4:396:Infinity":196,"s:398:2:398:Infinity":197,"s:399:2:399:Infinity":198,"f:402:15:402:31":22,"s:403:16:403:Infinity":199,"f:403:24:403:29":23,"s:403:35:403:42":200,"b:404:2:412:Infinity:undefined:undefined:undefined:undefined":55,"s:404:2:412:Infinity":201,"b:405:4:408:Infinity:undefined:undefined:undefined:undefined":56,"s:405:4:408:Infinity":202,"s:406:6:406:Infinity":203,"s:407:6:407:Infinity":204,"s:409:4:409:Infinity":205,"s:410:4:410:Infinity":206,"s:411:4:411:Infinity":207,"s:413:8:413:Infinity":208,"s:414:17:418:Infinity":209,"f:416:21:416:26":24,"s:416:33:416:121":210,"b:416:85:416:116:416:116:416:119":57,"b:417:44:417:54:417:54:417:Infinity":58,"s:419:2:419:Infinity":211,"s:420:2:420:Infinity":212,"f:425:9:425:27":25,"s:426:8:426:Infinity":213,"s:427:2:427:Infinity":214,"b:427:35:427:44:427:44:427:50":59},"fnNames":{}}}
,"/home/evan/workspace/ccs/src/config.ts": {"path":"/home/evan/workspace/ccs/src/config.ts","statementMap":{"0":{"start":{"line":7,"column":13},"end":{"line":7,"column":null}},"1":{"start":{"line":8,"column":13},"end":{"line":8,"column":null}},"2":{"start":{"line":9,"column":13},"end":{"line":9,"column":null}},"3":{"start":{"line":10,"column":13},"end":{"line":10,"column":null}},"4":{"start":{"line":11,"column":13},"end":{"line":11,"column":null}},"5":{"start":{"line":13,"column":13},"end":{"line":13,"column":null}},"6":{"start":{"line":16,"column":13},"end":{"line":16,"column":null}},"7":{"start":{"line":18,"column":31},"end":{"line":18,"column":null}},"8":{"start":{"line":21,"column":2},"end":{"line":21,"column":null}},"9":{"start":{"line":22,"column":2},"end":{"line":22,"column":null}},"10":{"start":{"line":23,"column":2},"end":{"line":23,"column":null}},"11":{"start":{"line":28,"column":2},"end":{"line":33,"column":null}},"12":{"start":{"line":29,"column":4},"end":{"line":29,"column":null}},"13":{"start":{"line":31,"column":4},"end":{"line":31,"column":null}},"14":{"start":{"line":31,"column":56},"end":{"line":31,"column":null}},"15":{"start":{"line":32,"column":4},"end":{"line":32,"column":null}},"16":{"start":{"line":37,"column":2},"end":{"line":37,"column":null}},"17":{"start":{"line":38,"column":2},"end":{"line":38,"column":null}},"18":{"start":{"line":43,"column":2},"end":{"line":43,"column":null}},"19":{"start":{"line":44,"column":2},"end":{"line":44,"column":null}},"20":{"start":{"line":48,"column":2},"end":{"line":48,"column":null}},"21":{"start":{"line":52,"column":2},"end":{"line":52,"column":null}},"22":{"start":{"line":56,"column":2},"end":{"line":56,"column":null}},"23":{"start":{"line":60,"column":2},"end":{"line":60,"column":null}},"24":{"start":{"line":61,"column":26},"end":{"line":61,"column":null}},"25":{"start":{"line":62,"column":2},"end":{"line":62,"column":null}},"26":{"start":{"line":62,"column":8},"end":{"line":62,"column":46}},"27":{"start":{"line":63,"column":2},"end":{"line":66,"column":null}},"28":{"start":{"line":64,"column":19},"end":{"line":64,"column":46}},"29":{"start":{"line":65,"column":16},"end":{"line":65,"column":51}},"30":{"start":{"line":66,"column":20},"end":{"line":66,"column":38}},"31":{"start":{"line":70,"column":2},"end":{"line":70,"column":null}},"32":{"start":{"line":70,"column":8},"end":{"line":70,"column":67}},"33":{"start":{"line":70,"column":77},"end":{"line":70,"column":90}},"34":{"start":{"line":74,"column":2},"end":{"line":74,"column":null}},"35":{"start":{"line":74,"column":8},"end":{"line":74,"column":44}},"36":{"start":{"line":78,"column":2},"end":{"line":78,"column":null}}},"fnMap":{"0":{"name":"ensureDirs","decl":{"start":{"line":20,"column":16},"end":{"line":20,"column":29}},"loc":{"start":{"line":20,"column":29},"end":{"line":24,"column":null}},"line":20},"1":{"name":"readJSON","decl":{"start":{"line":27,"column":16},"end":{"line":27,"column":28}},"loc":{"start":{"line":27,"column":79},"end":{"line":34,"column":null}},"line":27},"2":{"name":"writeJSON","decl":{"start":{"line":36,"column":16},"end":{"line":36,"column":26}},"loc":{"start":{"line":36,"column":54},"end":{"line":39,"column":null}},"line":36},"3":{"name":"writeFileSyncSafe","decl":{"start":{"line":42,"column":16},"end":{"line":42,"column":34}},"loc":{"start":{"line":42,"column":65},"end":{"line":45,"column":null}},"line":42},"4":{"name":"providerFile","decl":{"start":{"line":47,"column":16},"end":{"line":47,"column":29}},"loc":{"start":{"line":47,"column":51},"end":{"line":49,"column":null}},"line":47},"5":{"name":"readProvider","decl":{"start":{"line":51,"column":16},"end":{"line":51,"column":42}},"loc":{"start":{"line":51,"column":66},"end":{"line":53,"column":null}},"line":51},"6":{"name":"providerExists","decl":{"start":{"line":55,"column":16},"end":{"line":55,"column":31}},"loc":{"start":{"line":55,"column":54},"end":{"line":57,"column":null}},"line":55},"7":{"name":"listProviders","decl":{"start":{"line":59,"column":16},"end":{"line":59,"column":42}},"loc":{"start":{"line":59,"column":42},"end":{"line":67,"column":null}},"line":59},"8":{"name":"(anonymous_8)","decl":{"start":{"line":64,"column":5},"end":{"line":64,"column":13}},"loc":{"start":{"line":64,"column":19},"end":{"line":64,"column":46}},"line":64},"9":{"name":"(anonymous_9)","decl":{"start":{"line":65,"column":5},"end":{"line":65,"column":10}},"loc":{"start":{"line":65,"column":16},"end":{"line":65,"column":51}},"line":65},"10":{"name":"(anonymous_10)","decl":{"start":{"line":66,"column":5},"end":{"line":66,"column":11}},"loc":{"start":{"line":66,"column":20},"end":{"line":66,"column":38}},"line":66},"11":{"name":"getLastUsed","decl":{"start":{"line":69,"column":16},"end":{"line":69,"column":45}},"loc":{"start":{"line":69,"column":45},"end":{"line":71,"column":null}},"line":69},"12":{"name":"setLastUsed","decl":{"start":{"line":73,"column":16},"end":{"line":73,"column":28}},"loc":{"start":{"line":73,"column":42},"end":{"line":75,"column":null}},"line":73},"13":{"name":"removeProvider","decl":{"start":{"line":77,"column":16},"end":{"line":77,"column":31}},"loc":{"start":{"line":77,"column":45},"end":{"line":79,"column":null}},"line":77}},"branchMap":{"0":{"loc":{"start":{"line":27,"column":42},"end":{"line":27,"column":79}},"type":"default-arg","locations":[{"start":{"line":27,"column":63},"end":{"line":27,"column":79}}],"line":27},"1":{"loc":{"start":{"line":31,"column":4},"end":{"line":31,"column":null}},"type":"if","locations":[{"start":{"line":31,"column":4},"end":{"line":31,"column":null}},{"start":{},"end":{}}],"line":31},"2":{"loc":{"start":{"line":70,"column":8},"end":{"line":70,"column":67}},"type":"binary-expr","locations":[{"start":{"line":70,"column":8},"end":{"line":70,"column":61}},{"start":{"line":70,"column":61},"end":{"line":70,"column":67}}],"line":70}},"s":{"0":9,"1":9,"2":9,"3":9,"4":9,"5":9,"6":9,"7":9,"8":37,"9":37,"10":37,"11":208,"12":208,"13":12,"14":11,"15":1,"16":35,"17":35,"18":1,"19":1,"20":195,"21":21,"22":19,"23":22,"24":22,"25":22,"26":22,"27":22,"28":59,"29":59,"30":37,"31":22,"32":22,"33":0,"34":7,"35":7,"36":4},"f":{"0":37,"1":208,"2":35,"3":1,"4":195,"5":21,"6":19,"7":22,"8":59,"9":59,"10":37,"11":22,"12":7,"13":4},"b":{"0":[208],"1":[11,1],"2":[22,0]},"meta":{"lastBranch":3,"lastFunction":14,"lastStatement":37,"seen":{"s:7:13:7:Infinity":0,"s:8:13:8:Infinity":1,"s:9:13:9:Infinity":2,"s:10:13:10:Infinity":3,"s:11:13:11:Infinity":4,"s:13:13:13:Infinity":5,"s:16:13:16:Infinity":6,"s:18:31:18:Infinity":7,"f:20:16:20:29":0,"s:21:2:21:Infinity":8,"s:22:2:22:Infinity":9,"s:23:2:23:Infinity":10,"f:27:16:27:28":1,"b:27:63:27:79":0,"s:28:2:33:Infinity":11,"s:29:4:29:Infinity":12,"b:31:4:31:Infinity:undefined:undefined:undefined:undefined":1,"s:31:4:31:Infinity":13,"s:31:56:31:Infinity":14,"s:32:4:32:Infinity":15,"f:36:16:36:26":2,"s:37:2:37:Infinity":16,"s:38:2:38:Infinity":17,"f:42:16:42:34":3,"s:43:2:43:Infinity":18,"s:44:2:44:Infinity":19,"f:47:16:47:29":4,"s:48:2:48:Infinity":20,"f:51:16:51:42":5,"s:52:2:52:Infinity":21,"f:55:16:55:31":6,"s:56:2:56:Infinity":22,"f:59:16:59:42":7,"s:60:2:60:Infinity":23,"s:61:26:61:Infinity":24,"s:62:2:62:Infinity":25,"s:62:8:62:46":26,"s:63:2:66:Infinity":27,"f:64:5:64:13":8,"s:64:19:64:46":28,"f:65:5:65:10":9,"s:65:16:65:51":29,"f:66:5:66:11":10,"s:66:20:66:38":30,"f:69:16:69:45":11,"s:70:2:70:Infinity":31,"s:70:8:70:67":32,"b:70:8:70:61:70:61:70:67":2,"s:70:77:70:90":33,"f:73:16:73:28":12,"s:74:2:74:Infinity":34,"s:74:8:74:44":35,"f:77:16:77:31":13,"s:78:2:78:Infinity":36},"fnNames":{}}}
,"/home/evan/workspace/ccs/src/form.ts": {"path":"/home/evan/workspace/ccs/src/form.ts","statementMap":{"0":{"start":{"line":7,"column":60},"end":{"line":12,"column":null}},"1":{"start":{"line":15,"column":27},"end":{"line":15,"column":null}},"2":{"start":{"line":18,"column":53},"end":{"line":18,"column":null}},"3":{"start":{"line":25,"column":41},"end":{"line":30,"column":null}},"4":{"start":{"line":32,"column":21},"end":{"line":32,"column":null}},"5":{"start":{"line":33,"column":20},"end":{"line":33,"column":null}},"6":{"start":{"line":36,"column":2},"end":{"line":36,"column":null}},"7":{"start":{"line":41,"column":2},"end":{"line":41,"column":null}},"8":{"start":{"line":46,"column":2},"end":{"line":46,"column":null}},"9":{"start":{"line":51,"column":2},"end":{"line":51,"column":null}},"10":{"start":{"line":51,"column":36},"end":{"line":51,"column":55}},"11":{"start":{"line":56,"column":2},"end":{"line":56,"column":null}},"12":{"start":{"line":56,"column":49},"end":{"line":56,"column":null}},"13":{"start":{"line":57,"column":12},"end":{"line":57,"column":null}},"14":{"start":{"line":58,"column":2},"end":{"line":58,"column":null}},"15":{"start":{"line":58,"column":33},"end":{"line":58,"column":null}},"16":{"start":{"line":59,"column":2},"end":{"line":59,"column":null}},"17":{"start":{"line":59,"column":34},"end":{"line":59,"column":null}},"18":{"start":{"line":60,"column":2},"end":{"line":60,"column":null}},"19":{"start":{"line":65,"column":2},"end":{"line":65,"column":null}},"20":{"start":{"line":65,"column":49},"end":{"line":65,"column":null}},"21":{"start":{"line":66,"column":12},"end":{"line":66,"column":null}},"22":{"start":{"line":67,"column":2},"end":{"line":67,"column":null}},"23":{"start":{"line":72,"column":2},"end":{"line":72,"column":null}},"24":{"start":{"line":72,"column":49},"end":{"line":72,"column":null}},"25":{"start":{"line":73,"column":12},"end":{"line":73,"column":null}},"26":{"start":{"line":74,"column":2},"end":{"line":74,"column":null}},"27":{"start":{"line":89,"column":2},"end":{"line":96,"column":null}},"28":{"start":{"line":103,"column":8},"end":{"line":103,"column":null}},"29":{"start":{"line":104,"column":18},"end":{"line":108,"column":null}},"30":{"start":{"line":104,"column":61},"end":{"line":108,"column":4}},"31":{"start":{"line":109,"column":14},"end":{"line":113,"column":null}},"32":{"start":{"line":114,"column":2},"end":{"line":114,"column":null}},"33":{"start":{"line":119,"column":15},"end":{"line":119,"column":null}},"34":{"start":{"line":120,"column":2},"end":{"line":120,"column":null}},"35":{"start":{"line":120,"column":29},"end":{"line":120,"column":null}},"36":{"start":{"line":121,"column":2},"end":{"line":121,"column":null}},"37":{"start":{"line":133,"column":14},"end":{"line":133,"column":null}},"38":{"start":{"line":134,"column":2},"end":{"line":134,"column":null}},"39":{"start":{"line":134,"column":24},"end":{"line":134,"column":null}},"40":{"start":{"line":135,"column":2},"end":{"line":135,"column":null}},"41":{"start":{"line":135,"column":27},"end":{"line":135,"column":null}},"42":{"start":{"line":136,"column":2},"end":{"line":136,"column":null}},"43":{"start":{"line":144,"column":14},"end":{"line":144,"column":null}},"44":{"start":{"line":145,"column":22},"end":{"line":145,"column":null}},"45":{"start":{"line":146,"column":24},"end":{"line":146,"column":null}},"46":{"start":{"line":148,"column":35},"end":{"line":153,"column":null}},"47":{"start":{"line":155,"column":42},"end":{"line":155,"column":null}},"48":{"start":{"line":156,"column":2},"end":{"line":160,"column":null}},"49":{"start":{"line":157,"column":14},"end":{"line":157,"column":null}},"50":{"start":{"line":158,"column":22},"end":{"line":158,"column":null}},"51":{"start":{"line":159,"column":4},"end":{"line":159,"column":null}},"52":{"start":{"line":162,"column":25},"end":{"line":162,"column":null}},"53":{"start":{"line":164,"column":2},"end":{"line":176,"column":null}},"54":{"start":{"line":184,"column":38},"end":{"line":184,"column":null}},"55":{"start":{"line":187,"column":2},"end":{"line":191,"column":null}},"56":{"start":{"line":188,"column":4},"end":{"line":188,"column":null}},"57":{"start":{"line":189,"column":9},"end":{"line":191,"column":null}},"58":{"start":{"line":190,"column":4},"end":{"line":190,"column":null}},"59":{"start":{"line":193,"column":2},"end":{"line":212,"column":null}},"60":{"start":{"line":194,"column":4},"end":{"line":194,"column":null}},"61":{"start":{"line":195,"column":9},"end":{"line":212,"column":null}},"62":{"start":{"line":200,"column":4},"end":{"line":200,"column":null}},"63":{"start":{"line":201,"column":4},"end":{"line":207,"column":null}},"64":{"start":{"line":202,"column":12},"end":{"line":202,"column":null}},"65":{"start":{"line":205,"column":6},"end":{"line":205,"column":null}},"66":{"start":{"line":206,"column":6},"end":{"line":206,"column":null}},"67":{"start":{"line":210,"column":31},"end":{"line":210,"column":null}},"68":{"start":{"line":211,"column":4},"end":{"line":211,"column":null}},"69":{"start":{"line":214,"column":2},"end":{"line":214,"column":null}},"70":{"start":{"line":215,"column":2},"end":{"line":215,"column":null}},"71":{"start":{"line":216,"column":2},"end":{"line":216,"column":null}},"72":{"start":{"line":217,"column":2},"end":{"line":217,"column":null}},"73":{"start":{"line":219,"column":35},"end":{"line":219,"column":null}},"74":{"start":{"line":220,"column":2},"end":{"line":223,"column":null}},"75":{"start":{"line":222,"column":4},"end":{"line":222,"column":null}},"76":{"start":{"line":224,"column":2},"end":{"line":226,"column":null}},"77":{"start":{"line":225,"column":4},"end":{"line":225,"column":null}},"78":{"start":{"line":227,"column":2},"end":{"line":227,"column":null}},"79":{"start":{"line":232,"column":2},"end":{"line":232,"column":null}},"80":{"start":{"line":232,"column":47},"end":{"line":232,"column":null}},"81":{"start":{"line":233,"column":2},"end":{"line":235,"column":null}},"82":{"start":{"line":234,"column":4},"end":{"line":234,"column":null}},"83":{"start":{"line":236,"column":2},"end":{"line":236,"column":null}},"84":{"start":{"line":252,"column":42},"end":{"line":252,"column":null}},"85":{"start":{"line":253,"column":2},"end":{"line":253,"column":null}}},"fnMap":{"0":{"name":"aliasKey","decl":{"start":{"line":35,"column":9},"end":{"line":35,"column":18}},"loc":{"start":{"line":35,"column":45},"end":{"line":37,"column":null}},"line":35},"1":{"name":"nameKey","decl":{"start":{"line":40,"column":9},"end":{"line":40,"column":17}},"loc":{"start":{"line":40,"column":44},"end":{"line":42,"column":null}},"line":40},"2":{"name":"strip1m","decl":{"start":{"line":45,"column":9},"end":{"line":45,"column":17}},"loc":{"start":{"line":45,"column":36},"end":{"line":47,"column":null}},"line":45},"3":{"name":"hasAliasEnv","decl":{"start":{"line":50,"column":9},"end":{"line":50,"column":21}},"loc":{"start":{"line":50,"column":59},"end":{"line":52,"column":null}},"line":50},"4":{"name":"(anonymous_4)","decl":{"start":{"line":51,"column":21},"end":{"line":51,"column":27}},"loc":{"start":{"line":51,"column":36},"end":{"line":51,"column":55}},"line":51},"5":{"name":"parseBoolEnv","decl":{"start":{"line":55,"column":16},"end":{"line":55,"column":29}},"loc":{"start":{"line":55,"column":75},"end":{"line":61,"column":null}},"line":55},"6":{"name":"parseNumEnv","decl":{"start":{"line":64,"column":16},"end":{"line":64,"column":28}},"loc":{"start":{"line":64,"column":72},"end":{"line":68,"column":null}},"line":64},"7":{"name":"parseEffortEnv","decl":{"start":{"line":71,"column":16},"end":{"line":71,"column":31}},"loc":{"start":{"line":71,"column":85},"end":{"line":75,"column":null}},"line":71},"8":{"name":"chooseCreateMode","decl":{"start":{"line":88,"column":22},"end":{"line":88,"column":72}},"loc":{"start":{"line":88,"column":72},"end":{"line":97,"column":null}},"line":88},"9":{"name":"pickBuiltinPreset","decl":{"start":{"line":102,"column":22},"end":{"line":102,"column":84}},"loc":{"start":{"line":102,"column":84},"end":{"line":115,"column":null}},"line":102},"10":{"name":"(anonymous_10)","decl":{"start":{"line":104,"column":42},"end":{"line":104,"column":47}},"loc":{"start":{"line":104,"column":61},"end":{"line":108,"column":4}},"line":104},"11":{"name":"pickPreset","decl":{"start":{"line":118,"column":22},"end":{"line":118,"column":84}},"loc":{"start":{"line":118,"column":84},"end":{"line":122,"column":null}},"line":118},"12":{"name":"detectAliasMode","decl":{"start":{"line":132,"column":9},"end":{"line":132,"column":25}},"loc":{"start":{"line":132,"column":77},"end":{"line":137,"column":null}},"line":132},"13":{"name":"initState","decl":{"start":{"line":143,"column":16},"end":{"line":143,"column":26}},"loc":{"start":{"line":143,"column":80},"end":{"line":177,"column":null}},"line":143},"14":{"name":"buildResult","decl":{"start":{"line":183,"column":16},"end":{"line":183,"column":28}},"loc":{"start":{"line":183,"column":64},"end":{"line":228,"column":null}},"line":183},"15":{"name":"validateState","decl":{"start":{"line":231,"column":16},"end":{"line":231,"column":30}},"loc":{"start":{"line":231,"column":63},"end":{"line":237,"column":null}},"line":231},"16":{"name":"providerFormWithPreview","decl":{"start":{"line":251,"column":22},"end":{"line":251,"column":46}},"loc":{"start":{"line":251,"column":133},"end":{"line":254,"column":null}},"line":251}},"branchMap":{"0":{"loc":{"start":{"line":56,"column":2},"end":{"line":56,"column":null}},"type":"if","locations":[{"start":{"line":56,"column":2},"end":{"line":56,"column":null}},{"start":{},"end":{}}],"line":56},"1":{"loc":{"start":{"line":56,"column":6},"end":{"line":56,"column":49}},"type":"binary-expr","locations":[{"start":{"line":56,"column":6},"end":{"line":56,"column":25}},{"start":{"line":56,"column":25},"end":{"line":56,"column":39}},{"start":{"line":56,"column":39},"end":{"line":56,"column":49}}],"line":56},"2":{"loc":{"start":{"line":58,"column":2},"end":{"line":58,"column":null}},"type":"if","locations":[{"start":{"line":58,"column":2},"end":{"line":58,"column":null}},{"start":{},"end":{}}],"line":58},"3":{"loc":{"start":{"line":58,"column":6},"end":{"line":58,"column":33}},"type":"binary-expr","locations":[{"start":{"line":58,"column":6},"end":{"line":58,"column":19}},{"start":{"line":58,"column":19},"end":{"line":58,"column":33}}],"line":58},"4":{"loc":{"start":{"line":59,"column":2},"end":{"line":59,"column":null}},"type":"if","locations":[{"start":{"line":59,"column":2},"end":{"line":59,"column":null}},{"start":{},"end":{}}],"line":59},"5":{"loc":{"start":{"line":59,"column":6},"end":{"line":59,"column":34}},"type":"binary-expr","locations":[{"start":{"line":59,"column":6},"end":{"line":59,"column":19}},{"start":{"line":59,"column":19},"end":{"line":59,"column":34}}],"line":59},"6":{"loc":{"start":{"line":65,"column":2},"end":{"line":65,"column":null}},"type":"if","locations":[{"start":{"line":65,"column":2},"end":{"line":65,"column":null}},{"start":{},"end":{}}],"line":65},"7":{"loc":{"start":{"line":65,"column":6},"end":{"line":65,"column":49}},"type":"binary-expr","locations":[{"start":{"line":65,"column":6},"end":{"line":65,"column":25}},{"start":{"line":65,"column":25},"end":{"line":65,"column":39}},{"start":{"line":65,"column":39},"end":{"line":65,"column":49}}],"line":65},"8":{"loc":{"start":{"line":67,"column":9},"end":{"line":67,"column":null}},"type":"cond-expr","locations":[{"start":{"line":67,"column":40},"end":{"line":67,"column":44}},{"start":{"line":67,"column":44},"end":{"line":67,"column":null}}],"line":67},"9":{"loc":{"start":{"line":67,"column":9},"end":{"line":67,"column":40}},"type":"binary-expr","locations":[{"start":{"line":67,"column":9},"end":{"line":67,"column":32}},{"start":{"line":67,"column":32},"end":{"line":67,"column":40}}],"line":67},"10":{"loc":{"start":{"line":72,"column":2},"end":{"line":72,"column":null}},"type":"if","locations":[{"start":{"line":72,"column":2},"end":{"line":72,"column":null}},{"start":{},"end":{}}],"line":72},"11":{"loc":{"start":{"line":72,"column":6},"end":{"line":72,"column":49}},"type":"binary-expr","locations":[{"start":{"line":72,"column":6},"end":{"line":72,"column":25}},{"start":{"line":72,"column":25},"end":{"line":72,"column":39}},{"start":{"line":72,"column":39},"end":{"line":72,"column":49}}],"line":72},"12":{"loc":{"start":{"line":74,"column":10},"end":{"line":74,"column":null}},"type":"cond-expr","locations":[{"start":{"line":74,"column":61},"end":{"line":74,"column":81}},{"start":{"line":74,"column":81},"end":{"line":74,"column":null}}],"line":74},"13":{"loc":{"start":{"line":107,"column":10},"end":{"line":107,"column":null}},"type":"binary-expr","locations":[{"start":{"line":107,"column":10},"end":{"line":107,"column":23}},{"start":{"line":107,"column":12},"end":{"line":107,"column":null}}],"line":107},"14":{"loc":{"start":{"line":120,"column":2},"end":{"line":120,"column":null}},"type":"if","locations":[{"start":{"line":120,"column":2},"end":{"line":120,"column":null}},{"start":{},"end":{}}],"line":120},"15":{"loc":{"start":{"line":133,"column":14},"end":{"line":133,"column":null}},"type":"binary-expr","locations":[{"start":{"line":133,"column":14},"end":{"line":133,"column":29}},{"start":{"line":133,"column":29},"end":{"line":133,"column":null}}],"line":133},"16":{"loc":{"start":{"line":134,"column":2},"end":{"line":134,"column":null}},"type":"if","locations":[{"start":{"line":134,"column":2},"end":{"line":134,"column":null}},{"start":{},"end":{}}],"line":134},"17":{"loc":{"start":{"line":135,"column":2},"end":{"line":135,"column":null}},"type":"if","locations":[{"start":{"line":135,"column":2},"end":{"line":135,"column":null}},{"start":{},"end":{}}],"line":135},"18":{"loc":{"start":{"line":144,"column":14},"end":{"line":144,"column":null}},"type":"binary-expr","locations":[{"start":{"line":144,"column":14},"end":{"line":144,"column":29}},{"start":{"line":144,"column":29},"end":{"line":144,"column":null}}],"line":144},"19":{"loc":{"start":{"line":145,"column":22},"end":{"line":145,"column":null}},"type":"binary-expr","locations":[{"start":{"line":145,"column":22},"end":{"line":145,"column":50}},{"start":{"line":145,"column":50},"end":{"line":145,"column":75}},{"start":{"line":145,"column":75},"end":{"line":145,"column":null}}],"line":145},"20":{"loc":{"start":{"line":146,"column":24},"end":{"line":146,"column":null}},"type":"binary-expr","locations":[{"start":{"line":146,"column":24},"end":{"line":146,"column":43}},{"start":{"line":146,"column":43},"end":{"line":146,"column":null}}],"line":146},"21":{"loc":{"start":{"line":149,"column":72},"end":{"line":149,"column":140}},"type":"binary-expr","locations":[{"start":{"line":149,"column":72},"end":{"line":149,"column":107}},{"start":{"line":149,"column":107},"end":{"line":149,"column":140}}],"line":149},"22":{"loc":{"start":{"line":150,"column":91},"end":{"line":150,"column":177}},"type":"binary-expr","locations":[{"start":{"line":150,"column":91},"end":{"line":150,"column":135}},{"start":{"line":150,"column":135},"end":{"line":150,"column":177}}],"line":150},"23":{"loc":{"start":{"line":151,"column":72},"end":{"line":151,"column":140}},"type":"binary-expr","locations":[{"start":{"line":151,"column":72},"end":{"line":151,"column":107}},{"start":{"line":151,"column":107},"end":{"line":151,"column":140}}],"line":151},"24":{"loc":{"start":{"line":152,"column":57},"end":{"line":152,"column":103}},"type":"binary-expr","locations":[{"start":{"line":152,"column":57},"end":{"line":152,"column":81}},{"start":{"line":152,"column":81},"end":{"line":152,"column":103}}],"line":152},"25":{"loc":{"start":{"line":159,"column":25},"end":{"line":159,"column":null}},"type":"binary-expr","locations":[{"start":{"line":159,"column":25},"end":{"line":159,"column":35}},{"start":{"line":159,"column":35},"end":{"line":159,"column":74}},{"start":{"line":159,"column":74},"end":{"line":159,"column":null}}],"line":159},"26":{"loc":{"start":{"line":162,"column":25},"end":{"line":162,"column":null}},"type":"cond-expr","locations":[{"start":{"line":162,"column":60},"end":{"line":162,"column":70}},{"start":{"line":162,"column":70},"end":{"line":162,"column":null}}],"line":162},"27":{"loc":{"start":{"line":165,"column":13},"end":{"line":165,"column":null}},"type":"binary-expr","locations":[{"start":{"line":165,"column":13},"end":{"line":165,"column":39}},{"start":{"line":165,"column":39},"end":{"line":165,"column":58}},{"start":{"line":165,"column":58},"end":{"line":165,"column":null}}],"line":165},"28":{"loc":{"start":{"line":170,"column":10},"end":{"line":170,"column":null}},"type":"binary-expr","locations":[{"start":{"line":170,"column":10},"end":{"line":170,"column":27}},{"start":{"line":170,"column":27},"end":{"line":170,"column":null}}],"line":170},"29":{"loc":{"start":{"line":172,"column":17},"end":{"line":172,"column":null}},"type":"binary-expr","locations":[{"start":{"line":172,"column":17},"end":{"line":172,"column":40}},{"start":{"line":172,"column":40},"end":{"line":172,"column":57}},{"start":{"line":172,"column":57},"end":{"line":172,"column":null}}],"line":172},"30":{"loc":{"start":{"line":187,"column":2},"end":{"line":191,"column":null}},"type":"if","locations":[{"start":{"line":187,"column":2},"end":{"line":191,"column":null}},{"start":{"line":189,"column":9},"end":{"line":191,"column":null}}],"line":187},"31":{"loc":{"start":{"line":187,"column":6},"end":{"line":187,"column":43}},"type":"binary-expr","locations":[{"start":{"line":187,"column":6},"end":{"line":187,"column":22}},{"start":{"line":187,"column":22},"end":{"line":187,"column":43}}],"line":187},"32":{"loc":{"start":{"line":189,"column":9},"end":{"line":191,"column":null}},"type":"if","locations":[{"start":{"line":189,"column":9},"end":{"line":191,"column":null}},{"start":{},"end":{}}],"line":189},"33":{"loc":{"start":{"line":189,"column":13},"end":{"line":189,"column":57}},"type":"binary-expr","locations":[{"start":{"line":189,"column":13},"end":{"line":189,"column":38}},{"start":{"line":189,"column":38},"end":{"line":189,"column":57}}],"line":189},"34":{"loc":{"start":{"line":193,"column":2},"end":{"line":212,"column":null}},"type":"if","locations":[{"start":{"line":193,"column":2},"end":{"line":212,"column":null}},{"start":{"line":195,"column":9},"end":{"line":212,"column":null}}],"line":193},"35":{"loc":{"start":{"line":195,"column":9},"end":{"line":212,"column":null}},"type":"if","locations":[{"start":{"line":195,"column":9},"end":{"line":212,"column":null}},{"start":{"line":208,"column":9},"end":{"line":212,"column":null}}],"line":195},"36":{"loc":{"start":{"line":202,"column":17},"end":{"line":202,"column":47}},"type":"binary-expr","locations":[{"start":{"line":202,"column":17},"end":{"line":202,"column":45}},{"start":{"line":202,"column":45},"end":{"line":202,"column":47}}],"line":202},"37":{"loc":{"start":{"line":206,"column":32},"end":{"line":206,"column":null}},"type":"cond-expr","locations":[{"start":{"line":206,"column":36},"end":{"line":206,"column":49}},{"start":{"line":206,"column":49},"end":{"line":206,"column":null}}],"line":206},"38":{"loc":{"start":{"line":214,"column":39},"end":{"line":214,"column":null}},"type":"cond-expr","locations":[{"start":{"line":214,"column":73},"end":{"line":214,"column":79}},{"start":{"line":214,"column":79},"end":{"line":214,"column":null}}],"line":214},"39":{"loc":{"start":{"line":215,"column":49},"end":{"line":215,"column":null}},"type":"cond-expr","locations":[{"start":{"line":215,"column":92},"end":{"line":215,"column":98}},{"start":{"line":215,"column":98},"end":{"line":215,"column":null}}],"line":215},"40":{"loc":{"start":{"line":220,"column":2},"end":{"line":223,"column":null}},"type":"if","locations":[{"start":{"line":220,"column":2},"end":{"line":223,"column":null}},{"start":{},"end":{}}],"line":220},"41":{"loc":{"start":{"line":224,"column":2},"end":{"line":226,"column":null}},"type":"if","locations":[{"start":{"line":224,"column":2},"end":{"line":226,"column":null}},{"start":{},"end":{}}],"line":224},"42":{"loc":{"start":{"line":232,"column":2},"end":{"line":232,"column":null}},"type":"if","locations":[{"start":{"line":232,"column":2},"end":{"line":232,"column":null}},{"start":{},"end":{}}],"line":232},"43":{"loc":{"start":{"line":232,"column":6},"end":{"line":232,"column":47}},"type":"binary-expr","locations":[{"start":{"line":232,"column":6},"end":{"line":232,"column":24}},{"start":{"line":232,"column":24},"end":{"line":232,"column":47}}],"line":232},"44":{"loc":{"start":{"line":233,"column":2},"end":{"line":235,"column":null}},"type":"if","locations":[{"start":{"line":233,"column":2},"end":{"line":235,"column":null}},{"start":{},"end":{}}],"line":233},"45":{"loc":{"start":{"line":233,"column":6},"end":{"line":233,"column":84}},"type":"binary-expr","locations":[{"start":{"line":233,"column":6},"end":{"line":233,"column":34}},{"start":{"line":233,"column":34},"end":{"line":233,"column":56}},{"start":{"line":233,"column":56},"end":{"line":233,"column":84}}],"line":233},"46":{"loc":{"start":{"line":251,"column":46},"end":{"line":251,"column":133}},"type":"default-arg","locations":[{"start":{"line":251,"column":102},"end":{"line":251,"column":133}}],"line":251},"47":{"loc":{"start":{"line":252,"column":10},"end":{"line":252,"column":24}},"type":"default-arg","locations":[{"start":{"line":252,"column":20},"end":{"line":252,"column":24}}],"line":252},"48":{"loc":{"start":{"line":252,"column":24},"end":{"line":252,"column":42}},"type":"default-arg","locations":[{"start":{"line":252,"column":33},"end":{"line":252,"column":42}}],"line":252}},"s":{"0":4,"1":4,"2":4,"3":4,"4":4,"5":4,"6":234,"7":36,"8":13,"9":25,"10":98,"11":59,"12":52,"13":7,"14":7,"15":3,"16":4,"17":2,"18":2,"19":32,"20":27,"21":5,"22":5,"23":35,"24":25,"25":10,"26":10,"27":4,"28":2,"29":2,"30":4,"31":2,"32":2,"33":2,"34":2,"35":1,"36":1,"37":25,"38":25,"39":1,"40":24,"41":4,"42":20,"43":25,"44":25,"45":25,"46":25,"47":25,"48":25,"49":100,"50":100,"51":100,"52":25,"53":25,"54":10,"55":10,"56":1,"57":9,"58":1,"59":10,"60":1,"61":9,"62":9,"63":9,"64":36,"65":36,"66":36,"67":0,"68":0,"69":10,"70":10,"71":10,"72":10,"73":10,"74":10,"75":9,"76":10,"77":1,"78":10,"79":4,"80":1,"81":3,"82":1,"83":2,"84":2,"85":2},"f":{"0":234,"1":36,"2":13,"3":25,"4":98,"5":59,"6":32,"7":35,"8":4,"9":2,"10":4,"11":2,"12":25,"13":25,"14":10,"15":4,"16":2},"b":{"0":[52,7],"1":[59,8,8],"2":[3,4],"3":[7,6],"4":[2,2],"5":[4,3],"6":[27,5],"7":[32,6,6],"8":[1,4],"9":[5,3],"10":[25,10],"11":[35,10,10],"12":[9,1],"13":[4,0],"14":[1,1],"15":[25,16],"16":[1,24],"17":[4,20],"18":[25,16],"19":[25,22,22],"20":[25,13],"21":[25,14],"22":[25,14],"23":[25,14],"24":[25,13],"25":[100,99,75],"26":[21,4],"27":[25,25,13],"28":[25,25],"29":[25,21,15],"30":[1,9],"31":[10,1],"32":[1,8],"33":[9,1],"34":[1,9],"35":[9,0],"36":[36,23],"37":[13,23],"38":[0,10],"39":[10,0],"40":[9,1],"41":[1,9],"42":[1,3],"43":[4,3],"44":[1,2],"45":[3,2,1],"46":[2],"47":[2],"48":[2]},"meta":{"lastBranch":49,"lastFunction":17,"lastStatement":86,"seen":{"s:7:60:12:Infinity":0,"s:15:27:15:Infinity":1,"s:18:53:18:Infinity":2,"s:25:41:30:Infinity":3,"s:32:21:32:Infinity":4,"s:33:20:33:Infinity":5,"f:35:9:35:18":0,"s:36:2:36:Infinity":6,"f:40:9:40:17":1,"s:41:2:41:Infinity":7,"f:45:9:45:17":2,"s:46:2:46:Infinity":8,"f:50:9:50:21":3,"s:51:2:51:Infinity":9,"f:51:21:51:27":4,"s:51:36:51:55":10,"f:55:16:55:29":5,"b:56:2:56:Infinity:undefined:undefined:undefined:undefined":0,"s:56:2:56:Infinity":11,"b:56:6:56:25:56:25:56:39:56:39:56:49":1,"s:56:49:56:Infinity":12,"s:57:12:57:Infinity":13,"b:58:2:58:Infinity:undefined:undefined:undefined:undefined":2,"s:58:2:58:Infinity":14,"b:58:6:58:19:58:19:58:33":3,"s:58:33:58:Infinity":15,"b:59:2:59:Infinity:undefined:undefined:undefined:undefined":4,"s:59:2:59:Infinity":16,"b:59:6:59:19:59:19:59:34":5,"s:59:34:59:Infinity":17,"s:60:2:60:Infinity":18,"f:64:16:64:28":6,"b:65:2:65:Infinity:undefined:undefined:undefined:undefined":6,"s:65:2:65:Infinity":19,"b:65:6:65:25:65:25:65:39:65:39:65:49":7,"s:65:49:65:Infinity":20,"s:66:12:66:Infinity":21,"s:67:2:67:Infinity":22,"b:67:40:67:44:67:44:67:Infinity":8,"b:67:9:67:32:67:32:67:40":9,"f:71:16:71:31":7,"b:72:2:72:Infinity:undefined:undefined:undefined:undefined":10,"s:72:2:72:Infinity":23,"b:72:6:72:25:72:25:72:39:72:39:72:49":11,"s:72:49:72:Infinity":24,"s:73:12:73:Infinity":25,"s:74:2:74:Infinity":26,"b:74:61:74:81:74:81:74:Infinity":12,"f:88:22:88:72":8,"s:89:2:96:Infinity":27,"f:102:22:102:84":9,"s:103:8:103:Infinity":28,"s:104:18:108:Infinity":29,"f:104:42:104:47":10,"s:104:61:108:4":30,"b:107:10:107:23:107:12:107:Infinity":13,"s:109:14:113:Infinity":31,"s:114:2:114:Infinity":32,"f:118:22:118:84":11,"s:119:15:119:Infinity":33,"b:120:2:120:Infinity:undefined:undefined:undefined:undefined":14,"s:120:2:120:Infinity":34,"s:120:29:120:Infinity":35,"s:121:2:121:Infinity":36,"f:132:9:132:25":12,"s:133:14:133:Infinity":37,"b:133:14:133:29:133:29:133:Infinity":15,"b:134:2:134:Infinity:undefined:undefined:undefined:undefined":16,"s:134:2:134:Infinity":38,"s:134:24:134:Infinity":39,"b:135:2:135:Infinity:undefined:undefined:undefined:undefined":17,"s:135:2:135:Infinity":40,"s:135:27:135:Infinity":41,"s:136:2:136:Infinity":42,"f:143:16:143:26":13,"s:144:14:144:Infinity":43,"b:144:14
[...]
eadCcsFlags","decl":{"start":{"line":44,"column":16},"end":{"line":44,"column":29}},"loc":{"start":{"line":44,"column":53},"end":{"line":49,"column":null}},"line":44},"3":{"name":"ccsFlagArgs","decl":{"start":{"line":52,"column":16},"end":{"line":52,"column":28}},"loc":{"start":{"line":52,"column":55},"end":{"line":59,"column":null}},"line":52},"4":{"name":"buildProviderSettings","decl":{"start":{"line":72,"column":16},"end":{"line":72,"column":38}},"loc":{"start":{"line":72,"column":70},"end":{"line":78,"column":null}},"line":72},"5":{"name":"whichClaude","decl":{"start":{"line":83,"column":16},"end":{"line":83,"column":38}},"loc":{"start":{"line":83,"column":38},"end":{"line":85,"column":null}},"line":83},"6":{"name":"clearScreen","decl":{"start":{"line":91,"column":9},"end":{"line":91,"column":23}},"loc":{"start":{"line":91,"column":23},"end":{"line":96,"column":null}},"line":91},"7":{"name":"mergedPath","decl":{"start":{"line":103,"column":16},"end":{"line":103,"column":27}},"loc":{"start":{"line":103,"column":49},"end":{"line":105,"column":null}},"line":103},"8":{"name":"dryRun","decl":{"start":{"line":112,"column":16},"end":{"line":112,"column":23}},"loc":{"start":{"line":112,"column":67},"end":{"line":120,"column":null}},"line":112},"9":{"name":"launchDefault","decl":{"start":{"line":126,"column":16},"end":{"line":126,"column":30}},"loc":{"start":{"line":126,"column":60},"end":{"line":143,"column":null}},"line":126},"10":{"name":"dryRunDefault","decl":{"start":{"line":148,"column":16},"end":{"line":148,"column":30}},"loc":{"start":{"line":148,"column":60},"end":{"line":153,"column":null}},"line":148},"11":{"name":"launch","decl":{"start":{"line":160,"column":16},"end":{"line":160,"column":23}},"loc":{"start":{"line":160,"column":67},"end":{"line":191,"column":null}},"line":160}},"branchMap":{"0":{"loc":{"start":{"line":15,"column":2},"end":{"line":22,"column":null}},"type":"if","locations":[{"start":{"line":15,"column":2},"end":{"line":22,"column":null}},{"start":{},"end":{}}],"line":15},"1":{"loc":{"start":{"line":15,"column":6},"end":{"line":15,"column":55}},"type":"binary-expr","locations":[{"start":{"line":15,"column":6},"end":{"line":15,"column":15}},{"start":{"line":15,"column":15},"end":{"line":15,"column":44}},{"start":{"line":15,"column":44},"end":{"line":15,"column":55}}],"line":15},"2":{"loc":{"start":{"line":17,"column":6},"end":{"line":20,"column":null}},"type":"if","locations":[{"start":{"line":17,"column":6},"end":{"line":20,"column":null}},{"start":{},"end":{}}],"line":17},"3":{"loc":{"start":{"line":17,"column":10},"end":{"line":17,"column":84}},"type":"binary-expr","locations":[{"start":{"line":17,"column":10},"end":{"line":17,"column":50}},{"start":{"line":17,"column":50},"end":{"line":17,"column":84}}],"line":17},"4":{"loc":{"start":{"line":19,"column":23},"end":{"line":19,"column":null}},"type":"cond-expr","locations":[{"start":{"line":19,"column":38},"end":{"line":19,"column":61}},{"start":{"line":19,"column":61},"end":{"line":19,"column":null}}],"line":19},"5":{"loc":{"start":{"line":30,"column":2},"end":{"line":30,"column":null}},"type":"if","locations":[{"start":{"line":30,"column":2},"end":{"line":30,"column":null}},{"start":{},"end":{}}],"line":30},"6":{"loc":{"start":{"line":30,"column":6},"end":{"line":30,"column":39}},"type":"binary-expr","locations":[{"start":{"line":30,"column":6},"end":{"line":30,"column":14}},{"start":{"line":30,"column":14},"end":{"line":30,"column":39}}],"line":30},"7":{"loc":{"start":{"line":45,"column":8},"end":{"line":45,"column":null}},"type":"binary-expr","locations":[{"start":{"line":45,"column":8},"end":{"line":45,"column":59}},{"start":{"line":45,"column":59},"end":{"line":45,"column":null}}],"line":45},"8":{"loc":{"start":{"line":57,"column":2},"end":{"line":57,"column":null}},"type":"if","locations":[{"start":{"line":57,"column":2},"end":{"line":57,"column":null}},{"start":{},"end":{}}],"line":57},"9":{"loc":{"start":{"line":74,"column":2},"end":{"line":76,"column":null}},"type":"if","locations":[{"start":{"line":74,"column":2},"end":{"line":76,"column":null}},{"start":{},"end":{}}],"line":74},"10":{"loc":{"start":{"line":84,"column":9},"end":{"line":84,"column":null}},"type":"binary-expr","locations":[{"start":{"line":84,"column":9},"end":{"line":84,"column":39}},{"start":{"line":84,"column":39},"end":{"line":84,"column":null}}],"line":84},"11":{"loc":{"start":{"line":92,"column":2},"end":{"line":95,"column":null}},"type":"if","locations":[{"start":{"line":92,"column":2},"end":{"line":95,"column":null}},{"start":{},"end":{}}],"line":92},"12":{"loc":{"start":{"line":112,"column":37},"end":{"line":112,"column":67}},"type":"default-arg","locations":[{"start":{"line":112,"column":63},"end":{"line":112,"column":67}}],"line":112},"13":{"loc":{"start":{"line":126,"column":30},"end":{"line":126,"column":60}},"type":"default-arg","locations":[{"start":{"line":126,"column":56},"end":{"line":126,"column":60}}],"line":126},"14":{"loc":{"start":{"line":135,"column":4},"end":{"line":137,"column":null}},"type":"if","locations":[{"start":{"line":135,"column":4},"end":{"line":137,"column":null}},{"start":{},"end":{}}],"line":135},"15":{"loc":{"start":{"line":140,"column":2},"end":{"line":142,"column":null}},"type":"if","locations":[{"start":{"line":140,"column":2},"end":{"line":142,"column":null}},{"start":{},"end":{}}],"line":140},"16":{"loc":{"start":{"line":140,"column":6},"end":{"line":140,"column":47}},"type":"binary-expr","locations":[{"start":{"line":140,"column":6},"end":{"line":140,"column":29}},{"start":{"line":140,"column":29},"end":{"line":140,"column":47}}],"line":140},"17":{"loc":{"start":{"line":148,"column":30},"end":{"line":148,"column":60}},"type":"default-arg","locations":[{"start":{"line":148,"column":56},"end":{"line":148,"column":60}}],"line":148},"18":{"loc":{"start":{"line":160,"column":37},"end":{"line":160,"column":67}},"type":"default-arg","locations":[{"start":{"line":160,"column":63},"end":{"line":160,"column":67}}],"line":160},"19":{"loc":{"start":{"line":171,"column":41},"end":{"line":171,"column":61}},"type":"binary-expr","locations":[{"start":{"line":171,"column":41},"end":{"line":171,"column":57}},{"start":{"line":171,"column":57},"end":{"line":171,"column":61}}],"line":171},"20":{"loc":{"start":{"line":183,"column":4},"end":{"line":185,"column":null}},"type":"if","locations":[{"start":{"line":183,"column":4},"end":{"line":185,"column":null}},{"start":{},"end":{}}],"line":183},"21":{"loc":{"start":{"line":188,"column":2},"end":{"line":190,"column":null}},"type":"if","locations":[{"start":{"line":188,"column":2},"end":{"line":190,"column":null}},{"start":{},"end":{}}],"line":188},"22":{"loc":{"start":{"line":188,"column":6},"end":{"line":188,"column":47}},"type":"binary-expr","locations":[{"start":{"line":188,"column":6},"end":{"line":188,"column":29}},{"start":{"line":188,"column":29},"end":{"line":188,"column":47}}],"line":188}},"s":{"0":6,"1":6,"2":6,"3":9,"4":6,"5":6,"6":6,"7":5,"8":11,"9":0,"10":11,"11":11,"12":11,"13":11,"14":9,"15":9,"16":8,"17":8,"18":3,"19":8,"20":10,"21":10,"22":1,"23":9,"24":5,"25":11,"26":7,"27":0,"28":7,"29":1,"30":1,"31":1,"32":1,"33":1,"34":1,"35":1,"36":2,"37":2,"38":2,"39":2,"40":2,"41":1,"42":1,"43":0,"44":1,"45":0,"46":1,"47":1,"48":1,"49":1,"50":5,"51":5,"52":5,"53":5,"54":5,"55":5,"56":5,"57":5,"58":5,"59":5,"60":5,"61":5,"62":2,"63":1,"64":1,"65":3,"66":1},"f":{"0":6,"1":11,"2":9,"3":8,"4":10,"5":11,"6":7,"7":7,"8":1,"9":2,"10":1,"11":5},"b":{"0":[6,0],"1":[6,6,6],"2":[6,3],"3":[9,6],"4":[5,1],"5":[0,11],"6":[11,11],"7":[9,1],"8":[3,5],"9":[1,9],"10":[11,10],"11":[0,7],"12":[1],"13":[2],"14":[1,0],"15":[0,1],"16":[1,1],"17":[1],"18":[5],"19":[5,0],"20":[1,1],"21":[1,2],"22":[3,3]},"meta":{"lastBranch":23,"lastFunction":12,"lastStatement":67,"seen":{"f:13:16:13:31":0,"s:14:34:14:Infinity":0,"b:15:2:22:Infinity:undefined:undefined:undefined:undefined":0,"s:15:2:22:Infinity":1,"b:15:6:15:15:15:15:15:44:15:44:15:55":1,"s:16:4:21:Infinity":2,"b:17:6:20:Infinity:undefined:undefined:undefined:undefined":2,"s:17:6:20:Infinity":3,"b:17:10:17:50:17:50:17:84":3,"s:18:18:18:Infinity":4,"s:19:8:19:Infinity":5,"b:19:38:19:61:19:61:19:Infinity":4,"s:23:2:23:Infinity":6,"s:27:22:27:Infinity":7,"f:29:16:29:29":1,"b:30:2:30:Infinity:undefined:undefined:undefined:undefined":5,"s:30:2:30:Infinity":8,"b:30:6:30:14:30:14:30:39":6,"s:30:39:30:Infinity":9,"s:31:33:31:Infinity":10,"s:32:2:34:Infinity":11,"s:33:4:33:Infinity":12,"s:35:2:35:Infinity":13,"f:44:16:44:29":2,"s:45:8:45:Infinity":14,"b:45:8:45:59:45:59:45:Infinity":7,"s:46:2:48:Infinity":15,"f:52:16:52:28":3,"s:53:25:53:Infinity":16,"b:57:2:57:Infinity:undefined:undefined:undefined:undefined":8,"s:57:2:57:Infinity":17,"s:57:40:57:Infinity":18,"s:58:2:58:Infinity":19,"f:72:16:72:38":4,"s:73:8:73:Infinity":20,"b:74:2:76:Infinity:undefined:undefined:undefined:undefined":9,"s:74:2:76:Infinity":21,"s:75:4:75:Infinity":22,"s:77:2:77:Infinity":23,"s:81:27:81:Infinity":24,"f:83:16:83:38":5,"s:84:2:84:Infinity":25,"b:84:9:84:39:84:39:84:Infinity":10,"f:91:9:91:23":6,"b:92:2:95:Infinity:undefined:undefined:undefined:undefined":11,"s:92:2:95:Infinity":26,"s:94:4:94:Infinity":27,"f:103:16:103:27":7,"s:104:2:104:Infinity":28,"f:112:16:112:23":8,"b:112:63:112:67":12,"s:113:19:113:Infinity":29,"s:114:14:114:Infinity":30,"s:115:16:115:Infinity":31,"s:116:15:116:Infinity":32,"s:117:2:117:Infinity":33,"s:118:2:118:Infinity":34,"s:119:2:119:Infinity":35,"f:126:16:126:30":9,"b:126:56:126:60":13,"s:127:14:127:Infinity":36,"s:128:15:128:Infinity":37,"s:130:2:130:Infinity":38,"s:132:2:139:Infinity":39,"s:133:4:133:Infinity":40,"b:135:4:137:Infinity:undefined:undefined:undefined:undefined":14,"s:135:4:137:Infinity":41,"s:136:6:136:Infinity":42,"s:138:4:138:Infinity":43,"b:140:2:142:Infinity:undefined:undefined:undefined:undefined":15,"s:140:2:142:Infinity":44,"b:140:6:140:29:140:29:140:47":16,"s:141:4:141:Infinity":45,"f:148:16:148:30":10,"b:148:56:148:60":17,"s:149:14:149:Infinity":46,"s:150:15:150:Infinity":47,"s:151:2:151:Infinity":48,"s:152:2:152:Infinity":49,"f:160:16:160:23":11,"b:160:63:160:67":18,"s:161:19:161:Infinity":50,"s:162:2:162:Infinity":51,"s:165:14:165:Infinity":52,"s:166:2:166:Infinity":53,"s:168:16:168:Infinity":54,"s:171:19:171:Infinity":55,"b:171:41:171:57:171:57:171:61":19,"s:172:14:172:Infinity":56,"s:173:15:173:Infinity":57,"s:175:2:175:Infinity":58,"s:178:2:178:Infinity":59,"s:180:2:187:Infinity":60,"s:181:4:181:Infinity":61,"b:183:4:185:Infinity:undefined:undefined:undefined:undefined":20,"s:183:4:185:Infinity":62,"s:184:6:184:Infinity":63,"s:186:4:186:Infinity":64,"b:188:2:190:Infinity:undefined:undefined:undefined:undefined":21,"s:188:2:190:Infinity":65,"b:188:6:188:29:188:29:188:47":22,"s:189:4:189:Infinity":66},"fnNames":{}}}
,"/home/evan/workspace/ccs/src/presets.ts": {"path":"/home/evan/workspace/ccs/src/presets.ts","statementMap":{"0":{"start":{"line":7,"column":6},"end":{"line":7,"column":null}},"1":{"start":{"line":9,"column":26},"end":{"line":9,"column":null}},"2":{"start":{"line":12,"column":2},"end":{"line":12,"column":null}},"3":{"start":{"line":16,"column":2},"end":{"line":16,"column":null}},"4":{"start":{"line":24,"column":15},"end":{"line":24,"column":null}},"5":{"start":{"line":25,"column":2},"end":{"line":25,"column":null}},"6":{"start":{"line":29,"column":2},"end":{"line":29,"column":null}},"7":{"start":{"line":29,"column":34},"end":{"line":29,"column":null}},"8":{"start":{"line":30,"column":2},"end":{"line":30,"column":null}},"9":{"start":{"line":34,"column":14},"end":{"line":34,"column":null}},"10":{"start":{"line":35,"column":2},"end":{"line":35,"column":null}},"11":{"start":{"line":35,"column":48},"end":{"line":35,"column":62}}},"fnMap":{"0":{"name":"loadBuiltinPresets","decl":{"start":{"line":11,"column":16},"end":{"line":11,"column":61}},"loc":{"start":{"line":11,"column":61},"end":{"line":13,"column":null}},"line":11},"1":{"name":"loadUserPresets","decl":{"start":{"line":15,"column":16},"end":{"line":15,"column":58}},"loc":{"start":{"line":15,"column":58},"end":{"line":17,"column":null}},"line":15},"2":{"name":"getPresets","decl":{"start":{"line":23,"column":16},"end":{"line":23,"column":53}},"loc":{"start":{"line":23,"column":53},"end":{"line":26,"column":null}},"line":23},"3":{"name":"getPreset","decl":{"start":{"line":28,"column":16},"end":{"line":28,"column":26}},"loc":{"start":{"line":28,"column":54},"end":{"line":31,"column":null}},"line":28},"4":{"name":"presetList","decl":{"start":{"line":33,"column":16},"end":{"line":33,"column":62}},"loc":{"start":{"line":33,"column":62},"end":{"line":36,"column":null}},"line":33},"5":{"name":"(anonymous_5)","decl":{"start":{"line":35,"column":29},"end":{"line":35,"column":34}},"loc":{"start":{"line":35,"column":48},"end":{"line":35,"column":62}},"line":35}},"branchMap":{"0":{"loc":{"start":{"line":16,"column":2},"end":{"line":16,"column":null}},"type":"binary-expr","locations":[{"start":{"line":16,"column":2},"end":{"line":16,"column":68}},{"start":{"line":16,"column":68},"end":{"line":16,"column":null}}],"line":16},"1":{"loc":{"start":{"line":29,"column":2},"end":{"line":29,"column":null}},"type":"if","locations":[{"start":{"line":29,"column":2},"end":{"line":29,"column":null}},{"start":{},"end":{}}],"line":29},"2":{"loc":{"start":{"line":29,"column":6},"end":{"line":29,"column":34}},"type":"binary-expr","locations":[{"start":{"line":29,"column":6},"end":{"line":29,"column":28}},{"start":{"line":29,"column":28},"end":{"line":29,"column":34}}],"line":29},"3":{"loc":{"start":{"line":30,"column":9},"end":{"line":30,"column":null}},"type":"binary-expr","locations":[{"start":{"line":30,"column":9},"end":{"line":30,"column":30}},{"start":{"line":30,"column":30},"end":{"line":30,"column":null}}],"line":30}},"s":{"0":6,"1":6,"2":1,"3":7,"4":7,"5":7,"6":4,"7":2,"8":2,"9":3,"10":3,"11":18},"f":{"0":1,"1":7,"2":7,"3":4,"4":3,"5":18},"b":{"0":[7,0],"1":[2,2],"2":[4,3],"3":[2,1]},"meta":{"lastBranch":4,"lastFunction":6,"lastStatement":12,"seen":{"s:7:6:7:Infinity":0,"s:9:26:9:Infinity":1,"f:11:16:11:61":0,"s:12:2:12:Infinity":2,"f:15:16:15:58":1,"s:16:2:16:Infinity":3,"b:16:2:16:68:16:68:16:Infinity":0,"f:23:16:23:53":2,"s:24:15:24:Infinity":4,"s:25:2:25:Infinity":5,"f:28:16:28:26":3,"b:29:2:29:Infinity:undefined:undefined:undefined:undefined":1,"s:29:2:29:Infinity":6,"b:29:6:29:28:29:28:29:34":2,"s:29:34:29:Infinity":7,"s:30:2:30:Infinity":8,"b:30:9:30:30:30:30:30:Infinity":3,"f:33:16:33:62":4,"s:34:14:34:Infinity":9,"s:35:2:35:Infinity":10,"f:35:29:35:34":5,"s:35:48:35:62":11},"fnNames":{}}}
,"/home/evan/workspace/ccs/src/tui.ts": {"path":"/home/evan/workspace/ccs/src/tui.ts","statementMap":{"0":{"start":{"line":5,"column":18},"end":{"line":5,"column":35}},"1":{"start":{"line":5,"column":35},"end":{"line":5,"column":57}},"2":{"start":{"line":9,"column":2},"end":{"line":9,"column":null}},"3":{"start":{"line":9,"column":25},"end":{"line":9,"column":null}},"4":{"start":{"line":10,"column":2},"end":{"line":10,"column":null}},"5":{"start":{"line":51,"column":18},"end":{"line":75,"column":null}},"6":{"start":{"line":52,"column":24},"end":{"line":52,"column":null}},"7":{"start":{"line":53,"column":24},"end":{"line":53,"column":null}},"8":{"start":{"line":54,"column":42},"end":{"line":54,"column":null}},"9":{"start":{"line":55,"column":25},"end":{"line":55,"column":null}},"10":{"start":{"line":57,"column":28},"end":{"line":57,"column":null}},"11":{"start":{"line":58,"column":25},"end":{"line":58,"column":null}},"12":{"start":{"line":59,"column":25},"end":{"line":59,"column":null}},"13":{"start":{"line":60,"column":28},"end":{"line":60,"column":null}},"14":{"start":{"line":61,"column":26},"end":{"line":61,"column":null}},"15":{"start":{"line":64,"column":4},"end":{"line":64,"column":null}},"16":{"start":{"line":67,"column":4},"end":{"line":67,"column":null}},"17":{"start":{"line":70,"column":4},"end":{"line":70,"column":null}},"18":{"start":{"line":73,"column":4},"end":{"line":73,"column":null}}},"fnMap":{"0":{"name":"constructor","decl":{"start":{"line":5,"column":2},"end":{"line":5,"column":16}},"loc":{"start":{"line":5,"column":16},"end":{"line":5,"column":null}},"line":5},"1":{"name":"unwrap","decl":{"start":{"line":8,"column":9},"end":{"line":8,"column":19}},"loc":{"start":{"line":8,"column":37},"end":{"line":11,"column":null}},"line":8},"2":{"name":"(anonymous_2)","decl":{"start":{"line":52,"column":2},"end":{"line":52,"column":10}},"loc":{"start":{"line":52,"column":24},"end":{"line":52,"column":null}},"line":52},"3":{"name":"(anonymous_3)","decl":{"start":{"line":53,"column":2},"end":{"line":53,"column":10}},"loc":{"start":{"line":53,"column":24},"end":{"line":53,"column":null}},"line":53},"4":{"name":"(anonymous_4)","decl":{"start":{"line":54,"column":2},"end":{"line":54,"column":9}},"loc":{"start":{"line":54,"column":42},"end":{"line":54,"column":null}},"line":54},"5":{"name":"(anonymous_5)","decl":{"start":{"line":55,"column":2},"end":{"line":55,"column":11}},"loc":{"start":{"line":55,"column":25},"end":{"line":55,"column":null}},"line":55},"6":{"name":"(anonymous_6)","decl":{"start":{"line":57,"column":4},"end":{"line":57,"column":14}},"loc":{"start":{"line":57,"column":28},"end":{"line":57,"column":null}},"line":57},"7":{"name":"(anonymous_7)","decl":{"start":{"line":58,"column":4},"end":{"line":58,"column":11}},"loc":{"start":{"line":58,"column":25},"end":{"line":58,"column":null}},"line":58},"8":{"name":"(anonymous_8)","decl":{"start":{"line":59,"column":4},"end":{"line":59,"column":11}},"loc":{"start":{"line":59,"column":25},"end":{"line":59,"column":null}},"line":59},"9":{"name":"(anonymous_9)","decl":{"start":{"line":60,"column":4},"end":{"line":60,"column":14}},"loc":{"start":{"line":60,"column":28},"end":{"line":60,"column":null}},"line":60},"10":{"name":"(anonymous_10)","decl":{"start":{"line":61,"column":4},"end":{"line":61,"column":12}},"loc":{"start":{"line":61,"column":26},"end":{"line":61,"column":null}},"line":61},"11":{"name":"select","decl":{"start":{"line":63,"column":8},"end":{"line":63,"column":18}},"loc":{"start":{"line":63,"column":53},"end":{"line":65,"column":null}},"line":63},"12":{"name":"confirm","decl":{"start":{"line":66,"column":8},"end":{"line":66,"column":16}},"loc":{"start":{"line":66,"column":55},"end":{"line":68,"column":null}},"line":66},"13":{"name":"text","decl":{"start":{"line":69,"column":8},"end":{"line":69,"column":13}},"loc":{"start":{"line":69,"column":48},"end":{"line":71,"column":null}},"line":69},"14":{"name":"password","decl":{"start":{"line":72,"column":8},"end":{"line":72,"column":17}},"loc":{"start":{"line":72,"column":56},"end":{"line":74,"column":null}},"line":72}},"branchMap":{"0":{"loc":{"start":{"line":9,"column":2},"end":{"line":9,"column":null}},"type":"if","locations":[{"start":{"line":9,"column":2},"end":{"line":9,"column":null}},{"start":{},"end":{}}],"line":9}},"s":{"0":5,"1":5,"2":8,"3":4,"4":4,"5":5,"6":1,"7":1,"8":1,"9":1,"10":1,"11":1,"12":1,"13":1,"14":1,"15":2,"16":2,"17":2,"18":2},"f":{"0":5,"1":8,"2":1,"3":1,"4":1,"5":1,"6":1,"7":1,"8":1,"9":1,"10":1,"11":2,"12":2,"13":2,"14":2},"b":{"0":[4,4]},"meta":{"lastBranch":1,"lastFunction":15,"lastStatement":19,"seen":{"f:5:2:5:16":0,"s:5:18:5:35":0,"s:5:35:5:57":1,"f:8:9:8:19":1,"b:9:2:9:Infinity:undefined:undefined:undefined:undefined":0,"s:9:2:9:Infinity":2,"s:9:25:9:Infinity":3,"s:10:2:10:Infinity":4,"s:51:18:75:Infinity":5,"f:52:2:52:10":2,"s:52:24:52:Infinity":6,"f:53:2:53:10":3,"s:53:24:53:Infinity":7,"f:54:2:54:9":4,"s:54:42:54:Infinity":8,"f:55:2:55:11":5,"s:55:25:55:Infinity":9,"f:57:4:57:14":6,"s:57:28:57:Infinity":10,"f:58:4:58:11":7,"s:58:25:58:Infinity":11,"f:59:4:59:11":8,"s:59:25:59:Infinity":12,"f:60:4:60:14":9,"s:60:28:60:Infinity":13,"f:61:4:61:12":10,"s:61:26:61:Infinity":14,"f:63:8:63:18":11,"s:64:4:64:Infinity":15,"f:66:8:66:16":12,"s:67:4:67:Infinity":16,"f:69:8:69:13":13,"s:70:4:70:Infinity":17,"f:72:8:72:17":14,"s:73:4:73:Infinity":18},"fnNames":{}}}
}
